TN:
SF:server/env.ts
FN:6,loadEnvironment
FN:33,(anonymous_1)
FN:41,validateEnvironment
FN:50,(anonymous_3)
FN:54,(anonymous_4)
FNF:5
FNH:0
FNDA:0,loadEnvironment
FNDA:0,(anonymous_1)
FNDA:0,validateEnvironment
FNDA:0,(anonymous_3)
FNDA:0,(anonymous_4)
DA:8,0
DA:14,0
DA:16,0
DA:17,0
DA:18,0
DA:19,0
DA:21,0
DA:22,0
DA:24,0
DA:25,0
DA:26,0
DA:31,0
DA:32,0
DA:33,0
DA:34,0
DA:38,0
DA:42,0
DA:50,0
DA:52,0
DA:53,0
DA:54,0
DA:57,0
DA:58,0
DA:60,0
DA:61,0
DA:62,0
DA:65,0
DA:66,0
DA:67,0
DA:70,0
DA:71,0
DA:72,0
DA:75,0
DA:76,0
DA:77,0
DA:80,0
DA:81,0
DA:82,0
DA:86,0
DA:89,0
DA:94,0
LF:41
LH:0
BRDA:17,0,0,0
BRDA:17,0,1,0
BRDA:21,1,0,0
BRDA:21,1,1,0
BRDA:31,2,0,0
BRDA:31,2,1,0
BRDA:52,3,0,0
BRDA:52,3,1,0
BRDA:57,4,0,0
BRDA:57,4,1,0
BRDA:60,5,0,0
BRDA:60,5,1,0
BRDA:65,6,0,0
BRDA:65,6,1,0
BRDA:70,7,0,0
BRDA:70,7,1,0
BRDA:75,8,0,0
BRDA:75,8,1,0
BRDA:80,9,0,0
BRDA:80,9,1,0
BRF:20
BRH:0
end_of_record
TN:
SF:server/session.ts
FNF:0
FNH:0
DA:4,0
DA:5,0
DA:7,0
LF:3
LH:0
BRDA:8,0,0,0
BRDA:8,0,1,0
BRF:2
BRH:0
end_of_record
TN:
SF:server/orchestration/serviceRegistry.js
FN:28,(anonymous_0)
FN:36,(anonymous_1)
FN:73,(anonymous_2)
FN:80,(anonymous_3)
FN:91,(anonymous_4)
FN:109,(anonymous_5)
FN:127,(anonymous_6)
FN:134,(anonymous_7)
FN:154,(anonymous_8)
FN:173,(anonymous_9)
FN:191,(anonymous_10)
FN:209,(anonymous_11)
FN:227,(anonymous_12)
FN:245,(anonymous_13)
FN:263,(anonymous_14)
FN:281,(anonymous_15)
FN:299,(anonymous_16)
FN:317,(anonymous_17)
FN:335,(anonymous_18)
FN:342,(anonymous_19)
FN:360,(anonymous_20)
FN:378,(anonymous_21)
FN:396,(anonymous_22)
FN:414,(anonymous_23)
FN:432,(anonymous_24)
FN:725,(anonymous_25)
FN:735,(anonymous_26)
FNF:27
FNH:0
FNDA:0,(anonymous_0)
FNDA:0,(anonymous_1)
FNDA:0,(anonymous_2)
FNDA:0,(anonymous_3)
FNDA:0,(anonymous_4)
FNDA:0,(anonymous_5)
FNDA:0,(anonymous_6)
FNDA:0,(anonymous_7)
FNDA:0,(anonymous_8)
FNDA:0,(anonymous_9)
FNDA:0,(anonymous_10)
FNDA:0,(anonymous_11)
FNDA:0,(anonymous_12)
FNDA:0,(anonymous_13)
FNDA:0,(anonymous_14)
FNDA:0,(anonymous_15)
FNDA:0,(anonymous_16)
FNDA:0,(anonymous_17)
FNDA:0,(anonymous_18)
FNDA:0,(anonymous_19)
FNDA:0,(anonymous_20)
FNDA:0,(anonymous_21)
FNDA:0,(anonymous_22)
FNDA:0,(anonymous_23)
FNDA:0,(anonymous_24)
FNDA:0,(anonymous_25)
FNDA:0,(anonymous_26)
DA:29,0
DA:30,0
DA:37,0
DA:38,0
DA:39,0
DA:42,0
DA:44,0
DA:46,0
DA:49,0
DA:52,0
DA:55,0
DA:58,0
DA:60,0
DA:61,0
DA:63,0
DA:65,0
DA:66,0
DA:74,0
DA:77,0
DA:80,0
DA:88,0
DA:92,0
DA:93,0
DA:94,0
DA:96,0
DA:106,0
DA:110,0
DA:111,0
DA:112,0
DA:114,0
DA:128,0
DA:131,0
DA:135,0
DA:137,0
DA:138,0
DA:139,0
DA:141,0
DA:151,0
DA:155,0
DA:157,0
DA:158,0
DA:160,0
DA:170,0
DA:174,0
DA:175,0
DA:176,0
DA:178,0
DA:188,0
DA:192,0
DA:193,0
DA:194,0
DA:196,0
DA:206,0
DA:210,0
DA:211,0
DA:212,0
DA:214,0
DA:224,0
DA:228,0
DA:229,0
DA:230,0
DA:232,0
DA:242,0
DA:246,0
DA:247,0
DA:248,0
DA:250,0
DA:260,0
DA:264,0
DA:265,0
DA:266,0
DA:268,0
DA:278,0
DA:282,0
DA:283,0
DA:284,0
DA:286,0
DA:296,0
DA:300,0
DA:301,0
DA:302,0
DA:304,0
DA:314,0
DA:318,0
DA:319,0
DA:320,0
DA:322,0
DA:336,0
DA:339,0
DA:343,0
DA:344,0
DA:345,0
DA:347,0
DA:357,0
DA:361,0
DA:362,0
DA:363,0
DA:365,0
DA:375,0
DA:379,0
DA:380,0
DA:381,0
DA:383,0
DA:393,0
DA:397,0
DA:398,0
DA:399,0
DA:401,0
DA:411,0
DA:415,0
DA:416,0
DA:417,0
DA:419,0
DA:433,0
DA:436,0
DA:485,0
DA:560,0
DA:620,0
DA:678,0
DA:719,0
DA:726,0
DA:727,0
DA:729,0
DA:736,0
DA:738,0
DA:739,0
DA:742,0
DA:743,0
LF:128
LH:0
BRDA:37,0,0,0
BRDA:37,0,1,0
BRDA:726,1,0,0
BRDA:726,1,1,0
BRDA:738,2,0,0
BRDA:738,2,1,0
BRF:6
BRH:0
end_of_record
TN:
SF:server/pipeline/pipelineIntegration.js
FN:7,(anonymous_0)
FN:17,(anonymous_1)
FN:62,(anonymous_2)
FN:179,(anonymous_3)
FN:253,(anonymous_4)
FN:324,(anonymous_5)
FN:411,(anonymous_6)
FN:416,(anonymous_7)
FN:425,(anonymous_8)
FN:435,(anonymous_9)
FN:446,(anonymous_10)
FN:450,(anonymous_11)
FN:462,(anonymous_12)
FN:471,(anonymous_13)
FN:520,(anonymous_14)
FN:539,(anonymous_15)
FN:552,(anonymous_16)
FN:569,(anonymous_17)
FN:602,(anonymous_18)
FN:615,(anonymous_19)
FN:624,(anonymous_20)
FN:644,(anonymous_21)
FN:653,(anonymous_22)
FN:667,(anonymous_23)
FN:675,(anonymous_24)
FN:686,(anonymous_25)
FN:694,(anonymous_26)
FN:703,(anonymous_27)
FN:718,(anonymous_28)
FN:733,(anonymous_29)
FN:743,(anonymous_30)
FN:760,(anonymous_31)
FNF:32
FNH:0
FNDA:0,(anonymous_0)
FNDA:0,(anonymous_1)
FNDA:0,(anonymous_2)
FNDA:0,(anonymous_3)
FNDA:0,(anonymous_4)
FNDA:0,(anonymous_5)
FNDA:0,(anonymous_6)
FNDA:0,(anonymous_7)
FNDA:0,(anonymous_8)
FNDA:0,(anonymous_9)
FNDA:0,(anonymous_10)
FNDA:0,(anonymous_11)
FNDA:0,(anonymous_12)
FNDA:0,(anonymous_13)
FNDA:0,(anonymous_14)
FNDA:0,(anonymous_15)
FNDA:0,(anonymous_16)
FNDA:0,(anonymous_17)
FNDA:0,(anonymous_18)
FNDA:0,(anonymous_19)
FNDA:0,(anonymous_20)
FNDA:0,(anonymous_21)
FNDA:0,(anonymous_22)
FNDA:0,(anonymous_23)
FNDA:0,(anonymous_24)
FNDA:0,(anonymous_25)
FNDA:0,(anonymous_26)
FNDA:0,(anonymous_27)
FNDA:0,(anonymous_28)
FNDA:0,(anonymous_29)
FNDA:0,(anonymous_30)
FNDA:0,(anonymous_31)
DA:8,0
DA:9,0
DA:10,0
DA:11,0
DA:18,0
DA:19,0
DA:20,0
DA:23,0
DA:25,0
DA:27,0
DA:30,0
DA:33,0
DA:36,0
DA:39,0
DA:42,0
DA:45,0
DA:46,0
DA:49,0
DA:50,0
DA:52,0
DA:54,0
DA:55,0
DA:63,0
DA:66,0
DA:88,0
DA:112,0
DA:137,0
DA:154,0
DA:180,0
DA:183,0
DA:197,0
DA:220,0
DA:235,0
DA:254,0
DA:257,0
DA:281,0
DA:306,0
DA:325,0
DA:328,0
DA:352,0
DA:368,0
DA:392,0
DA:412,0
DA:415,0
DA:416,0
DA:417,0
DA:425,0
DA:426,0
DA:435,0
DA:436,0
DA:446,0
DA:447,0
DA:450,0
DA:452,0
DA:453,0
DA:462,0
DA:464,0
DA:472,0
DA:475,0
DA:482,0
DA:489,0
DA:496,0
DA:503,0
DA:510,0
DA:521,0
DA:524,0
DA:539,0
DA:540,0
DA:553,0
DA:554,0
DA:559,0
DA:561,0
DA:562,0
DA:570,0
DA:572,0
DA:574,0
DA:575,0
DA:578,0
DA:579,0
DA:582,0
DA:583,0
DA:586,0
DA:587,0
DA:590,0
DA:591,0
DA:595,0
DA:603,0
DA:610,0
DA:611,0
DA:616,0
DA:625,0
DA:632,0
DA:633,0
DA:645,0
DA:652,0
DA:653,0
DA:656,0
DA:657,0
DA:668,0
DA:674,0
DA:675,0
DA:678,0
DA:679,0
DA:687,0
DA:690,0
DA:691,0
DA:695,0
DA:704,0
DA:707,0
DA:719,0
DA:727,0
DA:734,0
DA:735,0
DA:737,0
DA:744,0
DA:746,0
DA:761,0
DA:763,0
DA:764,0
DA:767,0
DA:768,0
DA:770,0
LF:122
LH:0
BRDA:7,0,0,0
BRDA:18,1,0,0
BRDA:18,1,1,0
BRDA:45,2,0,0
BRDA:45,2,1,0
BRDA:415,3,0,0
BRDA:415,3,1,0
BRDA:452,4,0,0
BRDA:452,4,1,0
BRDA:452,5,0,0
BRDA:452,5,1,0
BRDA:552,6,0,0
BRDA:572,7,0,0
BRDA:572,7,1,0
BRDA:572,7,2,0
BRDA:572,7,3,0
BRDA:572,7,4,0
BRDA:572,7,5,0
BRDA:605,8,0,0
BRDA:605,8,1,0
BRDA:610,9,0,0
BRDA:610,9,1,0
BRDA:610,10,0,0
BRDA:610,10,1,0
BRDA:627,11,0,0
BRDA:627,11,1,0
BRDA:628,12,0,0
BRDA:628,12,1,0
BRDA:632,13,0,0
BRDA:632,13,1,0
BRDA:632,14,0,0
BRDA:632,14,1,0
BRDA:646,15,0,0
BRDA:646,15,1,0
BRDA:647,16,0,0
BRDA:647,16,1,0
BRDA:652,17,0,0
BRDA:652,17,1,0
BRDA:656,18,0,0
BRDA:656,18,1,0
BRDA:659,19,0,0
BRDA:659,19,1,0
BRDA:669,20,0,0
BRDA:669,20,1,0
BRDA:674,21,0,0
BRDA:674,21,1,0
BRDA:675,22,0,0
BRDA:675,22,1,0
BRDA:675,23,0,0
BRDA:675,23,1,0
BRDA:678,24,0,0
BRDA:678,24,1,0
BRDA:690,25,0,0
BRDA:690,25,1,0
BRDA:727,26,0,0
BRDA:727,26,1,0
BRDA:734,27,0,0
BRDA:734,27,1,0
BRDA:763,28,0,0
BRDA:763,28,1,0
BRF:60
BRH:0
end_of_record
TN:
SF:server/routes/advancedMonetization.js
FN:13,(anonymous_0)
FN:55,(anonymous_1)
FN:67,(anonymous_2)
FN:74,(anonymous_3)
FN:75,(anonymous_4)
FN:89,(anonymous_5)
FN:128,(anonymous_6)
FN:178,(anonymous_7)
FN:184,(anonymous_8)
FN:187,(anonymous_9)
FN:188,(anonymous_10)
FN:191,(anonymous_11)
FN:204,(anonymous_12)
FN:205,(anonymous_13)
FN:206,(anonymous_14)
FN:220,(anonymous_15)
FN:255,(anonymous_16)
FN:293,(anonymous_17)
FN:298,(anonymous_18)
FN:328,(anonymous_19)
FN:333,(anonymous_20)
FN:347,(anonymous_21)
FN:376,(anonymous_22)
FN:412,(anonymous_23)
FN:453,(anonymous_24)
FN:458,(anonymous_25)
FN:491,(anonymous_26)
FN:525,(anonymous_27)
FN:530,(anonymous_28)
FN:562,(anonymous_29)
FN:603,(anonymous_30)
FN:632,(anonymous_31)
FN:659,(anonymous_32)
FN:686,(anonymous_33)
FN:716,(anonymous_34)
FN:756,(anonymous_35)
FN:804,(anonymous_36)
FN:856,generateThankYouMessage
FN:858,(anonymous_38)
FN:866,getSpecialEffect
FN:871,(anonymous_40)
FN:872,(anonymous_41)
FNF:42
FNH:0
FNDA:0,(anonymous_0)
FNDA:0,(anonymous_1)
FNDA:0,(anonymous_2)
FNDA:0,(anonymous_3)
FNDA:0,(anonymous_4)
FNDA:0,(anonymous_5)
FNDA:0,(anonymous_6)
FNDA:0,(anonymous_7)
FNDA:0,(anonymous_8)
FNDA:0,(anonymous_9)
FNDA:0,(anonymous_10)
FNDA:0,(anonymous_11)
FNDA:0,(anonymous_12)
FNDA:0,(anonymous_13)
FNDA:0,(anonymous_14)
FNDA:0,(anonymous_15)
FNDA:0,(anonymous_16)
FNDA:0,(anonymous_17)
FNDA:0,(anonymous_18)
FNDA:0,(anonymous_19)
FNDA:0,(anonymous_20)
FNDA:0,(anonymous_21)
FNDA:0,(anonymous_22)
FNDA:0,(anonymous_23)
FNDA:0,(anonymous_24)
FNDA:0,(anonymous_25)
FNDA:0,(anonymous_26)
FNDA:0,(anonymous_27)
FNDA:0,(anonymous_28)
FNDA:0,(anonymous_29)
FNDA:0,(anonymous_30)
FNDA:0,(anonymous_31)
FNDA:0,(anonymous_32)
FNDA:0,(anonymous_33)
FNDA:0,(anonymous_34)
FNDA:0,(anonymous_35)
FNDA:0,(anonymous_36)
FNDA:0,generateThankYouMessage
FNDA:0,(anonymous_38)
FNDA:0,getSpecialEffect
FNDA:0,(anonymous_40)
FNDA:0,(anonymous_41)
DA:7,0
DA:8,0
DA:13,0
DA:14,0
DA:15,0
DA:16,0
DA:32,0
DA:34,0
DA:45,0
DA:46,0
DA:55,0
DA:56,0
DA:57,0
DA:59,0
DA:60,0
DA:66,0
DA:67,0
DA:69,0
DA:74,0
DA:75,0
DA:79,0
DA:80,0
DA:89,0
DA:90,0
DA:91,0
DA:92,0
DA:94,0
DA:95,0
DA:102,0
DA:108,0
DA:110,0
DA:116,0
DA:117,0
DA:128,0
DA:129,0
DA:130,0
DA:131,0
DA:150,0
DA:153,0
DA:156,0
DA:168,0
DA:169,0
DA:178,0
DA:179,0
DA:180,0
DA:181,0
DA:183,0
DA:184,0
DA:187,0
DA:188,0
DA:191,0
DA:192,0
DA:193,0
DA:194,0
DA:199,0
DA:204,0
DA:205,0
DA:206,0
DA:210,0
DA:211,0
DA:220,0
DA:221,0
DA:222,0
DA:223,0
DA:225,0
DA:226,0
DA:232,0
DA:243,0
DA:244,0
DA:255,0
DA:256,0
DA:257,0
DA:258,0
DA:270,0
DA:272,0
DA:283,0
DA:284,0
DA:293,0
DA:294,0
DA:295,0
DA:297,0
DA:298,0
DA:300,0
DA:301,0
DA:307,0
DA:318,0
DA:319,0
DA:328,0
DA:329,0
DA:330,0
DA:332,0
DA:333,0
DA:335,0
DA:336,0
DA:343,0
DA:344,0
DA:347,0
DA:348,0
DA:351,0
DA:364,0
DA:365,0
DA:376,0
DA:377,0
DA:378,0
DA:379,0
DA:388,0
DA:390,0
DA:402,0
DA:403,0
DA:412,0
DA:413,0
DA:414,0
DA:415,0
DA:429,0
DA:431,0
DA:443,0
DA:444,0
DA:453,0
DA:454,0
DA:455,0
DA:457,0
DA:458,0
DA:460,0
DA:461,0
DA:467,0
DA:479,0
DA:480,0
DA:491,0
DA:492,0
DA:493,0
DA:494,0
DA:501,0
DA:503,0
DA:515,0
DA:516,0
DA:525,0
DA:526,0
DA:527,0
DA:529,0
DA:530,0
DA:532,0
DA:533,0
DA:539,0
DA:550,0
DA:551,0
DA:562,0
DA:563,0
DA:564,0
DA:566,0
DA:567,0
DA:573,0
DA:575,0
DA:591,0
DA:592,0
DA:603,0
DA:604,0
DA:605,0
DA:606,0
DA:608,0
DA:611,0
DA:622,0
DA:623,0
DA:632,0
DA:633,0
DA:634,0
DA:636,0
DA:639,0
DA:649,0
DA:650,0
DA:659,0
DA:660,0
DA:661,0
DA:663,0
DA:666,0
DA:676,0
DA:677,0
DA:686,0
DA:687,0
DA:688,0
DA:690,0
DA:691,0
DA:694,0
DA:704,0
DA:705,0
DA:716,0
DA:717,0
DA:718,0
DA:719,0
DA:721,0
DA:722,0
DA:723,0
DA:725,0
DA:746,0
DA:747,0
DA:756,0
DA:757,0
DA:758,0
DA:760,0
DA:792,0
DA:793,0
DA:804,0
DA:805,0
DA:806,0
DA:840,0
DA:845,0
DA:846,0
DA:857,0
DA:858,0
DA:859,0
DA:860,0
DA:863,0
DA:867,0
DA:869,0
DA:870,0
DA:871,0
DA:872,0
LF:216
LH:0
BRDA:15,0,0,0
BRDA:15,0,1,0
BRDA:23,1,0,0
BRDA:23,1,1,0
BRDA:25,2,0,0
BRDA:25,2,1,0
BRDA:26,3,0,0
BRDA:26,3,1,0
BRDA:27,4,0,0
BRDA:27,4,1,0
BRDA:28,5,0,0
BRDA:28,5,1,0
BRDA:29,6,0,0
BRDA:29,6,1,0
BRDA:57,7,0,0
BRDA:57,7,1,0
BRDA:59,8,0,0
BRDA:59,8,1,0
BRDA:94,9,0,0
BRDA:94,9,1,0
BRDA:130,10,0,0
BRDA:130,10,1,0
BRDA:134,11,0,0
BRDA:134,11,1,0
BRDA:138,12,0,0
BRDA:138,12,1,0
BRDA:139,13,0,0
BRDA:139,13,1,0
BRDA:141,14,0,0
BRDA:141,14,1,0
BRDA:143,15,0,0
BRDA:143,15,1,0
BRDA:144,16,0,0
BRDA:144,16,1,0
BRDA:145,17,0,0
BRDA:145,17,1,0
BRDA:146,18,0,0
BRDA:146,18,1,0
BRDA:147,19,0,0
BRDA:147,19,1,0
BRDA:164,20,0,0
BRDA:164,20,1,0
BRDA:180,21,0,0
BRDA:180,21,1,0
BRDA:181,22,0,0
BRDA:181,23,0,0
BRDA:187,24,0,0
BRDA:187,24,1,0
BRDA:188,25,0,0
BRDA:188,25,1,0
BRDA:194,26,0,0
BRDA:194,26,1,0
BRDA:206,27,0,0
BRDA:206,27,1,0
BRDA:225,28,0,0
BRDA:225,28,1,0
BRDA:237,29,0,0
BRDA:237,29,1,0
BRDA:257,30,0,0
BRDA:257,30,1,0
BRDA:261,31,0,0
BRDA:261,31,1,0
BRDA:262,32,0,0
BRDA:262,32,1,0
BRDA:263,33,0,0
BRDA:263,33,1,0
BRDA:264,34,0,0
BRDA:264,34,1,0
BRDA:266,35,0,0
BRDA:266,35,1,0
BRDA:267,36,0,0
BRDA:267,36,1,0
BRDA:295,37,0,0
BRDA:295,37,1,0
BRDA:300,38,0,0
BRDA:300,38,1,0
BRDA:335,39,0,0
BRDA:335,39,1,0
BRDA:348,40,0,0
BRDA:348,40,1,0
BRDA:348,40,2,0
BRDA:357,41,0,0
BRDA:357,41,1,0
BRDA:358,42,0,0
BRDA:358,42,1,0
BRDA:378,43,0,0
BRDA:378,43,1,0
BRDA:382,44,0,0
BRDA:382,44,1,0
BRDA:383,45,0,0
BRDA:383,45,1,0
BRDA:384,46,0,0
BRDA:384,46,1,0
BRDA:385,47,0,0
BRDA:385,47,1,0
BRDA:419,48,0,0
BRDA:419,48,1,0
BRDA:420,49,0,0
BRDA:420,49,1,0
BRDA:421,50,0,0
BRDA:421,50,1,0
BRDA:422,51,0,0
BRDA:422,51,1,0
BRDA:423,52,0,0
BRDA:423,52,1,0
BRDA:424,53,0,0
BRDA:424,53,1,0
BRDA:425,54,0,0
BRDA:425,54,1,0
BRDA:426,55,0,0
BRDA:426,55,1,0
BRDA:455,56,0,0
BRDA:455,56,1,0
BRDA:460,57,0,0
BRDA:460,57,1,0
BRDA:493,58,0,0
BRDA:493,58,1,0
BRDA:495,59,0,0
BRDA:495,59,1,0
BRDA:496,60,0,0
BRDA:496,60,1,0
BRDA:497,61,0,0
BRDA:497,61,1,0
BRDA:498,62,0,0
BRDA:498,62,1,0
BRDA:527,63,0,0
BRDA:527,63,1,0
BRDA:532,64,0,0
BRDA:532,64,1,0
BRDA:564,65,0,0
BRDA:564,65,1,0
BRDA:566,66,0,0
BRDA:566,66,1,0
BRDA:605,67,0,0
BRDA:605,67,1,0
BRDA:606,68,0,0
BRDA:634,69,0,0
BRDA:634,69,1,0
BRDA:661,70,0,0
BRDA:661,70,1,0
BRDA:688,71,0,0
BRDA:688,71,1,0
BRDA:690,72,0,0
BRDA:690,72,1,0
BRDA:718,73,0,0
BRDA:718,73,1,0
BRDA:719,74,0,0
BRDA:758,75,0,0
BRDA:758,75,1,0
BRDA:857,76,0,0
BRDA:857,76,1,0
BRDA:860,77,0,0
BRDA:860,77,1,0
BRDA:860,77,2,0
BRDA:863,78,0,0
BRDA:863,78,1,0
BRDA:867,79,0,0
BRDA:867,79,1,0
BRDA:869,80,0,0
BRDA:869,80,1,0
BRDA:870,81,0,0
BRDA:870,81,1,0
BRF:162
BRH:0
end_of_record
TN:
SF:server/routes/analyticsIntelligence.js
FN:13,(anonymous_0)
FN:50,(anonymous_1)
FN:82,(anonymous_2)
FN:117,(anonymous_3)
FN:152,(anonymous_4)
FN:189,(anonymous_5)
FN:226,(anonymous_6)
FN:232,(anonymous_7)
FN:233,(anonymous_8)
FN:266,(anonymous_9)
FN:304,(anonymous_10)
FN:310,(anonymous_11)
FN:311,(anonymous_12)
FN:346,(anonymous_13)
FN:387,(anonymous_14)
FN:393,(anonymous_15)
FN:394,(anonymous_16)
FN:428,(anonymous_17)
FN:466,(anonymous_18)
FN:472,(anonymous_19)
FN:473,(anonymous_20)
FN:506,(anonymous_21)
FN:550,(anonymous_22)
FN:582,(anonymous_23)
FN:587,(anonymous_24)
FN:588,(anonymous_25)
FN:589,(anonymous_26)
FN:616,(anonymous_27)
FN:631,(anonymous_28)
FN:633,(anonymous_29)
FN:633,(anonymous_30)
FN:635,(anonymous_31)
FN:635,(anonymous_32)
FN:637,(anonymous_33)
FN:637,(anonymous_34)
FN:639,(anonymous_35)
FN:639,(anonymous_36)
FN:678,(anonymous_37)
FN:695,(anonymous_38)
FNF:39
FNH:0
FNDA:0,(anonymous_0)
FNDA:0,(anonymous_1)
FNDA:0,(anonymous_2)
FNDA:0,(anonymous_3)
FNDA:0,(anonymous_4)
FNDA:0,(anonymous_5)
FNDA:0,(anonymous_6)
FNDA:0,(anonymous_7)
FNDA:0,(anonymous_8)
FNDA:0,(anonymous_9)
FNDA:0,(anonymous_10)
FNDA:0,(anonymous_11)
FNDA:0,(anonymous_12)
FNDA:0,(anonymous_13)
FNDA:0,(anonymous_14)
FNDA:0,(anonymous_15)
FNDA:0,(anonymous_16)
FNDA:0,(anonymous_17)
FNDA:0,(anonymous_18)
FNDA:0,(anonymous_19)
FNDA:0,(anonymous_20)
FNDA:0,(anonymous_21)
FNDA:0,(anonymous_22)
FNDA:0,(anonymous_23)
FNDA:0,(anonymous_24)
FNDA:0,(anonymous_25)
FNDA:0,(anonymous_26)
FNDA:0,(anonymous_27)
FNDA:0,(anonymous_28)
FNDA:0,(anonymous_29)
FNDA:0,(anonymous_30)
FNDA:0,(anonymous_31)
FNDA:0,(anonymous_32)
FNDA:0,(anonymous_33)
FNDA:0,(anonymous_34)
FNDA:0,(anonymous_35)
FNDA:0,(anonymous_36)
FNDA:0,(anonymous_37)
FNDA:0,(anonymous_38)
DA:7,0
DA:8,0
DA:13,0
DA:14,0
DA:15,0
DA:16,0
DA:27,0
DA:29,0
DA:40,0
DA:41,0
DA:50,0
DA:51,0
DA:52,0
DA:53,0
DA:55,0
DA:56,0
DA:62,0
DA:72,0
DA:73,0
DA:82,0
DA:83,0
DA:84,0
DA:85,0
DA:87,0
DA:88,0
DA:94,0
DA:96,0
DA:105,0
DA:106,0
DA:117,0
DA:118,0
DA:119,0
DA:120,0
DA:128,0
DA:130,0
DA:142,0
DA:143,0
DA:152,0
DA:153,0
DA:154,0
DA:155,0
DA:157,0
DA:158,0
DA:164,0
DA:166,0
DA:177,0
DA:178,0
DA:189,0
DA:190,0
DA:191,0
DA:192,0
DA:194,0
DA:195,0
DA:201,0
DA:203,0
DA:216,0
DA:217,0
DA:226,0
DA:227,0
DA:228,0
DA:231,0
DA:232,0
DA:233,0
DA:235,0
DA:236,0
DA:242,0
DA:244,0
DA:254,0
DA:255,0
DA:266,0
DA:267,0
DA:268,0
DA:269,0
DA:271,0
DA:272,0
DA:278,0
DA:280,0
DA:294,0
DA:295,0
DA:304,0
DA:305,0
DA:306,0
DA:309,0
DA:310,0
DA:311,0
DA:313,0
DA:314,0
DA:320,0
DA:322,0
DA:334,0
DA:335,0
DA:346,0
DA:347,0
DA:348,0
DA:349,0
DA:354,0
DA:355,0
DA:361,0
DA:363,0
DA:377,0
DA:378,0
DA:387,0
DA:388,0
DA:389,0
DA:392,0
DA:393,0
DA:394,0
DA:396,0
DA:397,0
DA:403,0
DA:405,0
DA:416,0
DA:417,0
DA:428,0
DA:429,0
DA:430,0
DA:431,0
DA:433,0
DA:434,0
DA:440,0
DA:442,0
DA:456,0
DA:457,0
DA:466,0
DA:467,0
DA:468,0
DA:471,0
DA:472,0
DA:473,0
DA:475,0
DA:476,0
DA:482,0
DA:484,0
DA:494,0
DA:495,0
DA:506,0
DA:507,0
DA:508,0
DA:509,0
DA:517,0
DA:518,0
DA:524,0
DA:526,0
DA:540,0
DA:541,0
DA:550,0
DA:551,0
DA:552,0
DA:553,0
DA:555,0
DA:556,0
DA:562,0
DA:572,0
DA:573,0
DA:582,0
DA:583,0
DA:584,0
DA:586,0
DA:587,0
DA:588,0
DA:589,0
DA:598,0
DA:604,0
DA:605,0
DA:616,0
DA:617,0
DA:618,0
DA:619,0
DA:629,0
DA:631,0
DA:633,0
DA:635,0
DA:637,0
DA:639,0
DA:642,0
DA:674,0
DA:678,0
DA:683,0
DA:684,0
DA:695,0
DA:696,0
DA:697,0
DA:717,0
DA:722,0
DA:723,0
LF:185
LH:0
BRDA:15,0,0,0
BRDA:15,0,1,0
BRDA:17,1,0,0
BRDA:17,1,1,0
BRDA:18,2,0,0
BRDA:18,2,1,0
BRDA:19,3,0,0
BRDA:19,3,1,0
BRDA:20,4,0,0
BRDA:20,4,1,0
BRDA:21,5,0,0
BRDA:21,5,1,0
BRDA:22,6,0,0
BRDA:22,6,1,0
BRDA:23,7,0,0
BRDA:23,7,1,0
BRDA:24,8,0,0
BRDA:24,8,1,0
BRDA:55,9,0,0
BRDA:55,9,1,0
BRDA:84,10,0,0
BRDA:84,10,1,0
BRDA:85,11,0,0
BRDA:85,11,1,0
BRDA:87,12,0,0
BRDA:87,12,1,0
BRDA:119,13,0,0
BRDA:119,13,1,0
BRDA:121,14,0,0
BRDA:121,14,1,0
BRDA:122,15,0,0
BRDA:122,15,1,0
BRDA:123,16,0,0
BRDA:123,16,1,0
BRDA:124,17,0,0
BRDA:124,17,1,0
BRDA:125,18,0,0
BRDA:125,18,1,0
BRDA:154,19,0,0
BRDA:154,19,1,0
BRDA:155,20,0,0
BRDA:155,20,1,0
BRDA:157,21,0,0
BRDA:157,21,1,0
BRDA:191,22,0,0
BRDA:191,22,1,0
BRDA:192,23,0,0
BRDA:192,23,1,0
BRDA:194,24,0,0
BRDA:194,24,1,0
BRDA:235,25,0,0
BRDA:235,25,1,0
BRDA:268,26,0,0
BRDA:268,26,1,0
BRDA:269,27,0,0
BRDA:269,27,1,0
BRDA:271,28,0,0
BRDA:271,28,1,0
BRDA:313,29,0,0
BRDA:313,29,1,0
BRDA:329,30,0,0
BRDA:329,30,1,0
BRDA:330,31,0,0
BRDA:330,31,1,0
BRDA:348,32,0,0
BRDA:348,32,1,0
BRDA:351,33,0,0
BRDA:351,33,1,0
BRDA:354,34,0,0
BRDA:354,34,1,0
BRDA:396,35,0,0
BRDA:396,35,1,0
BRDA:412,36,0,0
BRDA:412,36,1,0
BRDA:430,37,0,0
BRDA:430,37,1,0
BRDA:431,38,0,0
BRDA:431,38,1,0
BRDA:433,39,0,0
BRDA:433,39,1,0
BRDA:475,40,0,0
BRDA:475,40,1,0
BRDA:508,41,0,0
BRDA:508,41,1,0
BRDA:510,42,0,0
BRDA:510,42,1,0
BRDA:511,43,0,0
BRDA:511,43,1,0
BRDA:512,44,0,0
BRDA:512,44,1,0
BRDA:513,45,0,0
BRDA:513,45,1,0
BRDA:514,46,0,0
BRDA:514,46,1,0
BRDA:517,47,0,0
BRDA:517,47,1,0
BRDA:555,48,0,0
BRDA:555,48,1,0
BRDA:568,49,0,0
BRDA:568,49,1,0
BRDA:619,50,0,0
BRDA:619,50,1,0
BRDA:632,51,0,0
BRDA:632,51,1,0
BRDA:634,52,0,0
BRDA:634,52,1,0
BRDA:636,53,0,0
BRDA:636,53,1,0
BRDA:638,54,0,0
BRDA:638,54,1,0
BRDA:646,55,0,0
BRDA:646,55,1,0
BRDA:651,56,0,0
BRDA:651,56,1,0
BRDA:656,57,0,0
BRDA:656,57,1,0
BRDA:661,58,0,0
BRDA:661,58,1,0
BRDA:666,59,0,0
BRDA:666,59,1,0
BRDA:678,60,0,0
BRDA:678,60,1,0
BRF:122
BRH:0
end_of_record
TN:
SF:server/routes/apiGatewayRoutes.ts
FN:17,(anonymous_0)
FNF:1
FNH:0
FNDA:0,(anonymous_0)
DA:8,0
DA:11,0
DA:14,0
DA:17,0
DA:18,0
DA:19,0
DA:20,0
DA:26,0
DA:27,0
LF:9
LH:0
BRF:0
BRH:0
end_of_record
TN:
SF:server/routes/automatedWorkflowRoutes.js
FN:13,(anonymous_0)
FN:41,(anonymous_1)
FN:54,(anonymous_2)
FN:58,(anonymous_3)
FN:84,(anonymous_4)
FN:119,(anonymous_5)
FN:191,(anonymous_6)
FN:245,(anonymous_7)
FN:288,(anonymous_8)
FN:303,(anonymous_9)
FN:308,(anonymous_10)
FN:329,(anonymous_11)
FN:339,(anonymous_12)
FN:365,(anonymous_13)
FN:399,(anonymous_14)
FN:452,(anonymous_15)
FN:492,(anonymous_16)
FNF:17
FNH:0
FNDA:0,(anonymous_0)
FNDA:0,(anonymous_1)
FNDA:0,(anonymous_2)
FNDA:0,(anonymous_3)
FNDA:0,(anonymous_4)
FNDA:0,(anonymous_5)
FNDA:0,(anonymous_6)
FNDA:0,(anonymous_7)
FNDA:0,(anonymous_8)
FNDA:0,(anonymous_9)
FNDA:0,(anonymous_10)
FNDA:0,(anonymous_11)
FNDA:0,(anonymous_12)
FNDA:0,(anonymous_13)
FNDA:0,(anonymous_14)
FNDA:0,(anonymous_15)
FNDA:0,(anonymous_16)
DA:7,0
DA:8,0
DA:13,0
DA:14,0
DA:15,0
DA:16,0
DA:22,0
DA:24,0
DA:30,0
DA:31,0
DA:41,0
DA:42,0
DA:43,0
DA:44,0
DA:49,0
DA:50,0
DA:53,0
DA:54,0
DA:57,0
DA:58,0
DA:62,0
DA:63,0
DA:66,0
DA:73,0
DA:74,0
DA:84,0
DA:85,0
DA:86,0
DA:87,0
DA:92,0
DA:93,0
DA:95,0
DA:96,0
DA:102,0
DA:108,0
DA:109,0
DA:119,0
DA:120,0
DA:121,0
DA:122,0
DA:127,0
DA:130,0
DA:131,0
DA:138,0
DA:139,0
DA:146,0
DA:147,0
DA:154,0
DA:155,0
DA:161,0
DA:171,0
DA:173,0
DA:180,0
DA:181,0
DA:191,0
DA:192,0
DA:193,0
DA:194,0
DA:199,0
DA:200,0
DA:202,0
DA:203,0
DA:209,0
DA:210,0
DA:216,0
DA:218,0
DA:219,0
DA:225,0
DA:227,0
DA:234,0
DA:235,0
DA:245,0
DA:246,0
DA:247,0
DA:248,0
DA:253,0
DA:254,0
DA:256,0
DA:257,0
DA:258,0
DA:265,0
DA:270,0
DA:277,0
DA:278,0
DA:288,0
DA:289,0
DA:290,0
DA:291,0
DA:296,0
DA:297,0
DA:299,0
DA:302,0
DA:303,0
DA:307,0
DA:308,0
DA:311,0
DA:318,0
DA:319,0
DA:329,0
DA:330,0
DA:331,0
DA:332,0
DA:337,0
DA:338,0
DA:339,0
DA:341,0
DA:342,0
DA:348,0
DA:354,0
DA:355,0
DA:365,0
DA:366,0
DA:367,0
DA:368,0
DA:374,0
DA:375,0
DA:377,0
DA:378,0
DA:381,0
DA:388,0
DA:389,0
DA:399,0
DA:400,0
DA:401,0
DA:402,0
DA:407,0
DA:409,0
DA:410,0
DA:416,0
DA:417,0
DA:418,0
DA:419,0
DA:420,0
DA:426,0
DA:435,0
DA:441,0
DA:442,0
DA:452,0
DA:453,0
DA:454,0
DA:455,0
DA:460,0
DA:462,0
DA:463,0
DA:470,0
DA:475,0
DA:481,0
DA:482,0
DA:492,0
DA:493,0
DA:494,0
DA:495,0
DA:497,0
DA:498,0
DA:499,0
DA:502,0
DA:512,0
DA:513,0
DA:520,0
LF:159
LH:0
BRDA:15,0,0,0
BRDA:15,0,1,0
BRDA:43,1,0,0
BRDA:43,1,1,0
BRDA:53,2,0,0
BRDA:53,2,1,0
BRDA:57,3,0,0
BRDA:57,3,1,0
BRDA:62,4,0,0
BRDA:62,4,1,0
BRDA:62,5,0,0
BRDA:62,5,1,0
BRDA:86,6,0,0
BRDA:86,6,1,0
BRDA:95,7,0,0
BRDA:95,7,1,0
BRDA:121,8,0,0
BRDA:121,8,1,0
BRDA:130,9,0,0
BRDA:130,9,1,0
BRDA:130,10,0,0
BRDA:130,10,1,0
BRDA:130,10,2,0
BRDA:130,10,3,0
BRDA:138,11,0,0
BRDA:138,11,1,0
BRDA:138,12,0,0
BRDA:138,12,1,0
BRDA:146,13,0,0
BRDA:146,13,1,0
BRDA:146,14,0,0
BRDA:146,14,1,0
BRDA:154,15,0,0
BRDA:154,15,1,0
BRDA:163,16,0,0
BRDA:163,16,1,0
BRDA:165,17,0,0
BRDA:165,17,1,0
BRDA:167,18,0,0
BRDA:167,18,1,0
BRDA:168,19,0,0
BRDA:168,19,1,0
BRDA:193,20,0,0
BRDA:193,20,1,0
BRDA:202,21,0,0
BRDA:202,21,1,0
BRDA:209,22,0,0
BRDA:209,22,1,0
BRDA:218,23,0,0
BRDA:218,23,1,0
BRDA:247,24,0,0
BRDA:247,24,1,0
BRDA:257,25,0,0
BRDA:257,25,1,0
BRDA:267,26,0,0
BRDA:267,26,1,0
BRDA:290,27,0,0
BRDA:290,27,1,0
BRDA:297,28,0,0
BRDA:297,28,1,0
BRDA:302,29,0,0
BRDA:302,29,1,0
BRDA:307,30,0,0
BRDA:307,30,1,0
BRDA:331,31,0,0
BRDA:331,31,1,0
BRDA:341,32,0,0
BRDA:341,32,1,0
BRDA:367,33,0,0
BRDA:367,33,1,0
BRDA:401,34,0,0
BRDA:401,34,1,0
BRDA:409,35,0,0
BRDA:409,35,1,0
BRDA:409,36,0,0
BRDA:409,36,1,0
BRDA:419,37,0,0
BRDA:419,37,1,0
BRDA:454,38,0,0
BRDA:454,38,1,0
BRDA:462,39,0,0
BRDA:462,39,1,0
BRDA:472,40,0,0
BRDA:472,40,1,0
BRDA:495,41,0,0
BRDA:495,41,1,0
BRDA:498,42,0,0
BRDA:498,42,1,0
BRF:88
BRH:0
end_of_record
TN:
SF:server/routes/blockchainApi.js
FN:14,(anonymous_0)
FN:45,(anonymous_1)
FN:69,(anonymous_2)
FN:90,(anonymous_3)
FN:122,(anonymous_4)
FN:148,(anonymous_5)
FN:185,(anonymous_6)
FN:208,(anonymous_7)
FN:238,(anonymous_8)
FN:266,(anonymous_9)
FN:289,(anonymous_10)
FN:314,(anonymous_11)
FN:336,(anonymous_12)
FN:360,(anonymous_13)
FN:385,(anonymous_14)
FN:412,(anonymous_15)
FN:461,(anonymous_16)
FN:508,(anonymous_17)
FN:510,(anonymous_18)
FN:535,(anonymous_19)
FNF:20
FNH:0
FNDA:0,(anonymous_0)
FNDA:0,(anonymous_1)
FNDA:0,(anonymous_2)
FNDA:0,(anonymous_3)
FNDA:0,(anonymous_4)
FNDA:0,(anonymous_5)
FNDA:0,(anonymous_6)
FNDA:0,(anonymous_7)
FNDA:0,(anonymous_8)
FNDA:0,(anonymous_9)
FNDA:0,(anonymous_10)
FNDA:0,(anonymous_11)
FNDA:0,(anonymous_12)
FNDA:0,(anonymous_13)
FNDA:0,(anonymous_14)
FNDA:0,(anonymous_15)
FNDA:0,(anonymous_16)
FNDA:0,(anonymous_17)
FNDA:0,(anonymous_18)
FNDA:0,(anonymous_19)
DA:8,0
DA:9,0
DA:14,0
DA:15,0
DA:20,0
DA:22,0
DA:23,0
DA:26,0
DA:32,0
DA:39,0
DA:40,0
DA:45,0
DA:46,0
DA:47,0
DA:48,0
DA:50,0
DA:51,0
DA:54,0
DA:56,0
DA:63,0
DA:64,0
DA:69,0
DA:70,0
DA:71,0
DA:72,0
DA:74,0
DA:76,0
DA:82,0
DA:83,0
DA:90,0
DA:91,0
DA:96,0
DA:98,0
DA:99,0
DA:102,0
DA:108,0
DA:116,0
DA:117,0
DA:122,0
DA:123,0
DA:124,0
DA:125,0
DA:127,0
DA:128,0
DA:131,0
DA:133,0
DA:140,0
DA:141,0
DA:148,0
DA:149,0
DA:154,0
DA:156,0
DA:157,0
DA:160,0
DA:161,0
DA:164,0
DA:170,0
DA:177,0
DA:178,0
DA:185,0
DA:186,0
DA:187,0
DA:189,0
DA:193,0
DA:200,0
DA:201,0
DA:208,0
DA:209,0
DA:213,0
DA:215,0
DA:216,0
DA:219,0
DA:224,0
DA:232,0
DA:233,0
DA:238,0
DA:239,0
DA:240,0
DA:241,0
DA:243,0
DA:244,0
DA:247,0
DA:251,0
DA:258,0
DA:259,0
DA:266,0
DA:267,0
DA:268,0
DA:270,0
DA:271,0
DA:274,0
DA:276,0
DA:283,0
DA:284,0
DA:289,0
DA:290,0
DA:291,0
DA:294,0
DA:295,0
DA:298,0
DA:300,0
DA:306,0
DA:307,0
DA:314,0
DA:315,0
DA:316,0
DA:318,0
DA:330,0
DA:331,0
DA:336,0
DA:337,0
DA:338,0
DA:340,0
DA:341,0
DA:344,0
DA:346,0
DA:352,0
DA:353,0
DA:360,0
DA:361,0
DA:362,0
DA:364,0
DA:365,0
DA:368,0
DA:370,0
DA:377,0
DA:378,0
DA:385,0
DA:386,0
DA:387,0
DA:388,0
DA:391,0
DA:392,0
DA:395,0
DA:397,0
DA:404,0
DA:405,0
DA:412,0
DA:413,0
DA:414,0
DA:417,0
DA:446,0
DA:455,0
DA:456,0
DA:461,0
DA:462,0
DA:463,0
DA:466,0
DA:493,0
DA:500,0
DA:501,0
DA:508,0
DA:509,0
DA:510,0
DA:519,0
DA:527,0
DA:528,0
DA:535,0
DA:536,0
DA:537,0
DA:556,0
DA:563,0
DA:564,0
LF:163
LH:0
BRDA:22,0,0,0
BRDA:22,0,1,0
BRDA:22,1,0,0
BRDA:22,1,1,0
BRDA:22,1,2,0
BRDA:50,2,0,0
BRDA:50,2,1,0
BRDA:50,3,0,0
BRDA:50,3,1,0
BRDA:98,4,0,0
BRDA:98,4,1,0
BRDA:98,5,0,0
BRDA:98,5,1,0
BRDA:127,6,0,0
BRDA:127,6,1,0
BRDA:127,7,0,0
BRDA:127,7,1,0
BRDA:131,8,0,0
BRDA:131,8,1,0
BRDA:156,9,0,0
BRDA:156,9,1,0
BRDA:156,10,0,0
BRDA:156,10,1,0
BRDA:156,10,2,0
BRDA:160,11,0,0
BRDA:160,11,1,0
BRDA:160,12,0,0
BRDA:160,12,1,0
BRDA:215,13,0,0
BRDA:215,13,1,0
BRDA:215,14,0,0
BRDA:215,14,1,0
BRDA:243,15,0,0
BRDA:243,15,1,0
BRDA:243,16,0,0
BRDA:243,16,1,0
BRDA:270,17,0,0
BRDA:270,17,1,0
BRDA:270,18,0,0
BRDA:270,18,1,0
BRDA:270,18,2,0
BRDA:270,18,3,0
BRDA:294,19,0,0
BRDA:294,19,1,0
BRDA:340,20,0,0
BRDA:340,20,1,0
BRDA:340,21,0,0
BRDA:340,21,1,0
BRDA:364,22,0,0
BRDA:364,22,1,0
BRDA:364,23,0,0
BRDA:364,23,1,0
BRDA:368,24,0,0
BRDA:368,24,1,0
BRDA:388,25,0,0
BRDA:391,26,0,0
BRDA:391,26,1,0
BRDA:391,27,0,0
BRDA:391,27,1,0
BRDA:414,28,0,0
BRDA:463,29,0,0
BRDA:515,30,0,0
BRDA:515,30,1,0
BRDA:516,31,0,0
BRDA:516,31,1,0
BRF:65
BRH:0
end_of_record
TN:
SF:server/routes/creatorEconomyDashboard.js
FN:18,(anonymous_0)
FN:64,(anonymous_1)
FN:121,(anonymous_2)
FN:166,(anonymous_3)
FN:200,(anonymous_4)
FN:222,(anonymous_5)
FN:263,(anonymous_6)
FN:310,(anonymous_7)
FN:354,(anonymous_8)
FN:408,(anonymous_9)
FN:448,(anonymous_10)
FN:485,(anonymous_11)
FN:500,(anonymous_12)
FN:539,(anonymous_13)
FN:587,(anonymous_14)
FN:632,(anonymous_15)
FN:662,(anonymous_16)
FNF:17
FNH:0
FNDA:0,(anonymous_0)
FNDA:0,(anonymous_1)
FNDA:0,(anonymous_2)
FNDA:0,(anonymous_3)
FNDA:0,(anonymous_4)
FNDA:0,(anonymous_5)
FNDA:0,(anonymous_6)
FNDA:0,(anonymous_7)
FNDA:0,(anonymous_8)
FNDA:0,(anonymous_9)
FNDA:0,(anonymous_10)
FNDA:0,(anonymous_11)
FNDA:0,(anonymous_12)
FNDA:0,(anonymous_13)
FNDA:0,(anonymous_14)
FNDA:0,(anonymous_15)
FNDA:0,(anonymous_16)
DA:7,0
DA:8,0
DA:18,0
DA:19,0
DA:20,0
DA:22,0
DA:23,0
DA:30,0
DA:31,0
DA:33,0
DA:49,0
DA:50,0
DA:64,0
DA:65,0
DA:66,0
DA:68,0
DA:69,0
DA:71,0
DA:106,0
DA:107,0
DA:121,0
DA:122,0
DA:123,0
DA:125,0
DA:126,0
DA:128,0
DA:129,0
DA:136,0
DA:138,0
DA:148,0
DA:149,0
DA:166,0
DA:167,0
DA:168,0
DA:170,0
DA:171,0
DA:178,0
DA:179,0
DA:186,0
DA:187,0
DA:189,0
DA:200,0
DA:207,0
DA:208,0
DA:222,0
DA:223,0
DA:224,0
DA:225,0
DA:227,0
DA:228,0
DA:230,0
DA:238,0
DA:245,0
DA:246,0
DA:263,0
DA:264,0
DA:265,0
DA:267,0
DA:268,0
DA:275,0
DA:276,0
DA:278,0
DA:295,0
DA:296,0
DA:310,0
DA:311,0
DA:312,0
DA:314,0
DA:315,0
DA:317,0
DA:329,0
DA:336,0
DA:337,0
DA:354,0
DA:355,0
DA:356,0
DA:358,0
DA:359,0
DA:366,0
DA:367,0
DA:374,0
DA:375,0
DA:377,0
DA:393,0
DA:394,0
DA:408,0
DA:409,0
DA:410,0
DA:411,0
DA:413,0
DA:414,0
DA:416,0
DA:424,0
DA:431,0
DA:432,0
DA:448,0
DA:449,0
DA:450,0
DA:452,0
DA:453,0
DA:455,0
DA:470,0
DA:471,0
DA:485,0
DA:486,0
DA:487,0
DA:488,0
DA:490,0
DA:491,0
DA:493,0
DA:496,0
DA:497,0
DA:498,0
DA:501,0
DA:506,0
DA:521,0
DA:522,0
DA:539,0
DA:540,0
DA:541,0
DA:542,0
DA:544,0
DA:545,0
DA:552,0
DA:553,0
DA:555,0
DA:556,0
DA:557,0
DA:558,0
DA:560,0
DA:561,0
DA:562,0
DA:570,0
DA:571,0
DA:587,0
DA:588,0
DA:589,0
DA:590,0
DA:592,0
DA:593,0
DA:595,0
DA:608,0
DA:615,0
DA:616,0
DA:632,0
DA:633,0
DA:634,0
DA:635,0
DA:637,0
DA:644,0
DA:645,0
DA:662,0
DA:663,0
DA:664,0
DA:666,0
DA:667,0
DA:674,0
DA:676,0
DA:677,0
DA:678,0
DA:680,0
DA:681,0
DA:684,0
DA:686,0
DA:687,0
DA:689,0
DA:690,0
DA:692,0
DA:693,0
DA:695,0
DA:698,0
DA:703,0
DA:705,0
DA:710,0
DA:714,0
DA:729,0
DA:730,0
LF:177
LH:0
BRDA:20,0,0,0
BRDA:22,1,0,0
BRDA:22,1,1,0
BRDA:107,2,0,0
BRDA:107,2,1,0
BRDA:109,3,0,0
BRDA:109,3,1,0
BRDA:111,4,0,0
BRDA:111,4,1,0
BRDA:128,5,0,0
BRDA:128,5,1,0
BRDA:170,6,0,0
BRDA:170,6,1,0
BRDA:170,7,0,0
BRDA:170,7,1,0
BRDA:178,8,0,0
BRDA:178,8,1,0
BRDA:178,9,0,0
BRDA:178,9,1,0
BRDA:194,10,0,0
BRDA:194,10,1,0
BRDA:198,11,0,0
BRDA:198,11,1,0
BRDA:199,12,0,0
BRDA:199,12,1,0
BRDA:225,13,0,0
BRDA:246,14,0,0
BRDA:246,14,1,0
BRDA:248,15,0,0
BRDA:248,15,1,0
BRDA:250,16,0,0
BRDA:250,16,1,0
BRDA:267,17,0,0
BRDA:267,17,1,0
BRDA:267,18,0,0
BRDA:267,18,1,0
BRDA:337,19,0,0
BRDA:337,19,1,0
BRDA:339,20,0,0
BRDA:339,20,1,0
BRDA:341,21,0,0
BRDA:341,21,1,0
BRDA:358,22,0,0
BRDA:358,22,1,0
BRDA:358,23,0,0
BRDA:358,23,1,0
BRDA:366,24,0,0
BRDA:366,24,1,0
BRDA:366,25,0,0
BRDA:366,25,1,0
BRDA:366,25,2,0
BRDA:411,26,0,0
BRDA:411,27,0,0
BRDA:432,28,0,0
BRDA:432,28,1,0
BRDA:434,29,0,0
BRDA:434,29,1,0
BRDA:436,30,0,0
BRDA:436,30,1,0
BRDA:471,31,0,0
BRDA:471,31,1,0
BRDA:473,32,0,0
BRDA:473,32,1,0
BRDA:475,33,0,0
BRDA:475,33,1,0
BRDA:496,34,0,0
BRDA:496,34,1,0
BRDA:501,35,0,0
BRDA:501,35,1,0
BRDA:522,36,0,0
BRDA:522,36,1,0
BRDA:524,37,0,0
BRDA:524,37,1,0
BRDA:526,38,0,0
BRDA:526,38,1,0
BRDA:542,39,0,0
BRDA:544,40,0,0
BRDA:544,40,1,0
BRDA:555,41,0,0
BRDA:555,41,1,0
BRDA:571,42,0,0
BRDA:571,42,1,0
BRDA:573,43,0,0
BRDA:573,43,1,0
BRDA:575,44,0,0
BRDA:575,44,1,0
BRDA:590,45,0,0
BRDA:616,46,0,0
BRDA:616,46,1,0
BRDA:618,47,0,0
BRDA:618,47,1,0
BRDA:620,48,0,0
BRDA:620,48,1,0
BRDA:666,49,0,0
BRDA:666,49,1,0
BRDA:666,50,0,0
BRDA:666,50,1,0
BRDA:666,50,2,0
BRDA:684,51,0,0
BRDA:684,51,1,0
BRDA:684,51,2,0
BRDA:684,51,3,0
BRDA:701,52,0,0
BRDA:701,52,1,0
BRF:104
BRH:0
end_of_record
TN:
SF:server/routes/dataPipeline.js
FN:22,(anonymous_0)
FN:39,(anonymous_1)
FN:41,(anonymous_2)
FN:70,(anonymous_3)
FN:112,(anonymous_4)
FN:156,(anonymous_5)
FN:216,(anonymous_6)
FN:238,(anonymous_7)
FN:260,(anonymous_8)
FN:310,(anonymous_9)
FN:312,(anonymous_10)
FN:339,(anonymous_11)
FN:383,(anonymous_12)
FN:416,(anonymous_13)
FN:428,(anonymous_14)
FN:464,(anonymous_15)
FN:497,(anonymous_16)
FN:555,(anonymous_17)
FN:576,(anonymous_18)
FN:578,(anonymous_19)
FN:582,(anonymous_20)
FN:616,(anonymous_21)
FN:679,(anonymous_22)
FN:719,(anonymous_23)
FNF:24
FNH:0
FNDA:0,(anonymous_0)
FNDA:0,(anonymous_1)
FNDA:0,(anonymous_2)
FNDA:0,(anonymous_3)
FNDA:0,(anonymous_4)
FNDA:0,(anonymous_5)
FNDA:0,(anonymous_6)
FNDA:0,(anonymous_7)
FNDA:0,(anonymous_8)
FNDA:0,(anonymous_9)
FNDA:0,(anonymous_10)
FNDA:0,(anonymous_11)
FNDA:0,(anonymous_12)
FNDA:0,(anonymous_13)
FNDA:0,(anonymous_14)
FNDA:0,(anonymous_15)
FNDA:0,(anonymous_16)
FNDA:0,(anonymous_17)
FNDA:0,(anonymous_18)
FNDA:0,(anonymous_19)
FNDA:0,(anonymous_20)
FNDA:0,(anonymous_21)
FNDA:0,(anonymous_22)
FNDA:0,(anonymous_23)
DA:7,0
DA:10,0
DA:19,0
DA:22,0
DA:23,0
DA:24,0
DA:29,0
DA:30,0
DA:39,0
DA:40,0
DA:41,0
DA:52,0
DA:58,0
DA:59,0
DA:70,0
DA:71,0
DA:72,0
DA:75,0
DA:76,0
DA:83,0
DA:84,0
DA:90,0
DA:92,0
DA:100,0
DA:101,0
DA:112,0
DA:113,0
DA:114,0
DA:115,0
DA:117,0
DA:118,0
DA:125,0
DA:128,0
DA:130,0
DA:144,0
DA:145,0
DA:156,0
DA:157,0
DA:158,0
DA:159,0
DA:161,0
DA:162,0
DA:169,0
DA:177,0
DA:179,0
DA:187,0
DA:189,0
DA:190,0
DA:196,0
DA:197,0
DA:203,0
DA:216,0
DA:217,0
DA:218,0
DA:220,0
DA:226,0
DA:227,0
DA:238,0
DA:239,0
DA:240,0
DA:242,0
DA:248,0
DA:249,0
DA:260,0
DA:261,0
DA:262,0
DA:263,0
DA:265,0
DA:266,0
DA:272,0
DA:273,0
DA:275,0
DA:290,0
DA:296,0
DA:297,0
DA:310,0
DA:311,0
DA:312,0
DA:321,0
DA:327,0
DA:328,0
DA:339,0
DA:340,0
DA:341,0
DA:343,0
DA:344,0
DA:350,0
DA:351,0
DA:352,0
DA:358,0
DA:364,0
DA:371,0
DA:372,0
DA:383,0
DA:384,0
DA:385,0
DA:387,0
DA:388,0
DA:394,0
DA:396,0
DA:402,0
DA:403,0
DA:416,0
DA:417,0
DA:418,0
DA:420,0
DA:421,0
DA:428,0
DA:429,0
DA:430,0
DA:431,0
DA:437,0
DA:441,0
DA:443,0
DA:452,0
DA:453,0
DA:464,0
DA:465,0
DA:466,0
DA:468,0
DA:470,0
DA:471,0
DA:477,0
DA:483,0
DA:484,0
DA:497,0
DA:498,0
DA:504,0
DA:506,0
DA:507,0
DA:515,0
DA:517,0
DA:518,0
DA:519,0
DA:521,0
DA:522,0
DA:524,0
DA:536,0
DA:543,0
DA:544,0
DA:555,0
DA:556,0
DA:557,0
DA:560,0
DA:561,0
DA:564,0
DA:576,0
DA:578,0
DA:583,0
DA:584,0
DA:594,0
DA:602,0
DA:603,0
DA:616,0
DA:617,0
DA:618,0
DA:620,0
DA:645,0
DA:646,0
DA:647,0
DA:649,0
DA:650,0
DA:653,0
DA:654,0
DA:658,0
DA:664,0
DA:665,0
DA:679,0
DA:680,0
DA:681,0
DA:683,0
DA:685,0
DA:686,0
DA:687,0
DA:693,0
DA:695,0
DA:702,0
DA:704,0
DA:710,0
DA:711,0
DA:719,0
DA:720,0
DA:722,0
LF:183
LH:0
BRDA:23,0,0,0
BRDA:23,0,1,0
BRDA:75,1,0,0
BRDA:75,1,1,0
BRDA:75,2,0,0
BRDA:75,2,1,0
BRDA:83,3,0,0
BRDA:83,3,1,0
BRDA:95,4,0,0
BRDA:95,4,1,0
BRDA:96,5,0,0
BRDA:96,5,1,0
BRDA:117,6,0,0
BRDA:117,6,1,0
BRDA:125,7,0,0
BRDA:125,7,1,0
BRDA:135,8,0,0
BRDA:135,8,1,0
BRDA:159,9,0,0
BRDA:161,10,0,0
BRDA:161,10,1,0
BRDA:171,11,0,0
BRDA:171,11,1,0
BRDA:189,12,0,0
BRDA:189,12,1,0
BRDA:196,13,0,0
BRDA:196,13,1,0
BRDA:265,14,0,0
BRDA:265,14,1,0
BRDA:272,15,0,0
BRDA:272,15,1,0
BRDA:282,16,0,0
BRDA:282,16,1,0
BRDA:341,17,0,0
BRDA:343,18,0,0
BRDA:343,18,1,0
BRDA:343,19,0,0
BRDA:343,19,1,0
BRDA:343,19,2,0
BRDA:351,20,0,0
BRDA:351,20,1,0
BRDA:387,21,0,0
BRDA:387,21,1,0
BRDA:420,22,0,0
BRDA:420,22,1,0
BRDA:420,23,0,0
BRDA:420,23,1,0
BRDA:448,24,0,0
BRDA:448,24,1,0
BRDA:470,25,0,0
BRDA:470,25,1,0
BRDA:500,26,0,0
BRDA:501,27,0,0
BRDA:502,28,0,0
BRDA:503,29,0,0
BRDA:506,30,0,0
BRDA:506,30,1,0
BRDA:519,31,0,0
BRDA:519,31,1,0
BRDA:521,32,0,0
BRDA:521,32,1,0
BRDA:528,33,0,0
BRDA:528,33,1,0
BRDA:557,34,0,0
BRDA:557,35,0,0
BRDA:583,36,0,0
BRDA:583,36,1,0
BRDA:645,37,0,0
BRDA:645,37,1,0
BRDA:645,38,0,0
BRDA:645,38,1,0
BRDA:649,39,0,0
BRDA:649,39,1,0
BRDA:653,40,0,0
BRDA:653,40,1,0
BRDA:683,41,0,0
BRDA:683,41,1,0
BRDA:686,42,0,0
BRDA:686,42,1,0
BRF:79
BRH:0
end_of_record
TN:
SF:server/routes/enterpriseCommandCenterRoutes.js
FN:10,(anonymous_0)
FN:21,(anonymous_1)
FN:28,(anonymous_2)
FN:47,(anonymous_3)
FN:67,(anonymous_4)
FN:103,(anonymous_5)
FN:122,(anonymous_6)
FN:146,(anonymous_7)
FN:157,(anonymous_8)
FN:162,(anonymous_9)
FN:172,(anonymous_10)
FN:188,(anonymous_11)
FN:189,(anonymous_12)
FN:191,(anonymous_13)
FN:192,(anonymous_14)
FN:193,(anonymous_15)
FN:194,(anonymous_16)
FN:208,(anonymous_17)
FN:247,(anonymous_18)
FN:286,(anonymous_19)
FN:325,(anonymous_20)
FN:365,(anonymous_21)
FN:390,(anonymous_22)
FN:415,(anonymous_23)
FN:446,(anonymous_24)
FN:492,(anonymous_25)
FN:529,(anonymous_26)
FN:577,(anonymous_27)
FN:600,(anonymous_28)
FN:629,(anonymous_29)
FNF:30
FNH:0
FNDA:0,(anonymous_0)
FNDA:0,(anonymous_1)
FNDA:0,(anonymous_2)
FNDA:0,(anonymous_3)
FNDA:0,(anonymous_4)
FNDA:0,(anonymous_5)
FNDA:0,(anonymous_6)
FNDA:0,(anonymous_7)
FNDA:0,(anonymous_8)
FNDA:0,(anonymous_9)
FNDA:0,(anonymous_10)
FNDA:0,(anonymous_11)
FNDA:0,(anonymous_12)
FNDA:0,(anonymous_13)
FNDA:0,(anonymous_14)
FNDA:0,(anonymous_15)
FNDA:0,(anonymous_16)
FNDA:0,(anonymous_17)
FNDA:0,(anonymous_18)
FNDA:0,(anonymous_19)
FNDA:0,(anonymous_20)
FNDA:0,(anonymous_21)
FNDA:0,(anonymous_22)
FNDA:0,(anonymous_23)
FNDA:0,(anonymous_24)
FNDA:0,(anonymous_25)
FNDA:0,(anonymous_26)
FNDA:0,(anonymous_27)
FNDA:0,(anonymous_28)
FNDA:0,(anonymous_29)
DA:7,0
DA:10,0
DA:11,0
DA:12,0
DA:17,0
DA:21,0
DA:24,0
DA:28,0
DA:29,0
DA:30,0
DA:31,0
DA:33,0
DA:38,0
DA:39,0
DA:47,0
DA:48,0
DA:49,0
DA:50,0
DA:52,0
DA:58,0
DA:59,0
DA:67,0
DA:68,0
DA:69,0
DA:70,0
DA:72,0
DA:73,0
DA:74,0
DA:76,0
DA:77,0
DA:78,0
DA:84,0
DA:94,0
DA:95,0
DA:103,0
DA:104,0
DA:105,0
DA:106,0
DA:108,0
DA:113,0
DA:114,0
DA:122,0
DA:123,0
DA:124,0
DA:125,0
DA:127,0
DA:137,0
DA:138,0
DA:146,0
DA:147,0
DA:148,0
DA:150,0
DA:151,0
DA:154,0
DA:155,0
DA:156,0
DA:157,0
DA:161,0
DA:162,0
DA:166,0
DA:167,0
DA:168,0
DA:169,0
DA:172,0
DA:177,0
DA:188,0
DA:189,0
DA:191,0
DA:192,0
DA:193,0
DA:194,0
DA:199,0
DA:200,0
DA:208,0
DA:209,0
DA:210,0
DA:211,0
DA:213,0
DA:214,0
DA:220,0
DA:221,0
DA:223,0
DA:224,0
DA:230,0
DA:238,0
DA:239,0
DA:247,0
DA:248,0
DA:249,0
DA:251,0
DA:252,0
DA:264,0
DA:265,0
DA:272,0
DA:277,0
DA:278,0
DA:286,0
DA:287,0
DA:288,0
DA:290,0
DA:291,0
DA:301,0
DA:302,0
DA:311,0
DA:316,0
DA:317,0
DA:325,0
DA:326,0
DA:327,0
DA:328,0
DA:330,0
DA:351,0
DA:356,0
DA:357,0
DA:365,0
DA:366,0
DA:367,0
DA:369,0
DA:370,0
DA:377,0
DA:378,0
DA:385,0
DA:386,0
DA:387,0
DA:390,0
DA:391,0
DA:392,0
DA:394,0
DA:395,0
DA:396,0
DA:397,0
DA:398,0
DA:401,0
DA:415,0
DA:435,0
DA:436,0
DA:446,0
DA:447,0
DA:448,0
DA:449,0
DA:450,0
DA:452,0
DA:458,0
DA:459,0
DA:466,0
DA:468,0
DA:482,0
DA:483,0
DA:492,0
DA:493,0
DA:494,0
DA:496,0
DA:520,0
DA:521,0
DA:529,0
DA:530,0
DA:531,0
DA:532,0
DA:534,0
DA:536,0
DA:537,0
DA:538,0
DA:541,0
DA:542,0
DA:545,0
DA:546,0
DA:547,0
DA:549,0
DA:552,0
DA:553,0
DA:559,0
DA:568,0
DA:569,0
DA:577,0
DA:578,0
DA:579,0
DA:581,0
DA:591,0
DA:592,0
DA:600,0
DA:601,0
DA:602,0
DA:604,0
DA:605,0
DA:611,0
DA:612,0
DA:615,0
DA:616,0
DA:619,0
DA:620,0
DA:623,0
DA:625,0
DA:627,0
DA:629,0
DA:630,0
DA:633,0
DA:634,0
DA:635,0
DA:637,0
DA:638,0
DA:639,0
DA:642,0
DA:643,0
LF:203
LH:0
BRDA:11,0,0,0
BRDA:11,0,1,0
BRDA:70,1,0,0
BRDA:77,2,0,0
BRDA:77,2,1,0
BRDA:129,3,0,0
BRDA:129,3,1,0
BRDA:148,4,0,0
BRDA:148,5,0,0
BRDA:148,6,0,0
BRDA:154,7,0,0
BRDA:154,7,1,0
BRDA:156,8,0,0
BRDA:156,8,1,0
BRDA:161,9,0,0
BRDA:161,9,1,0
BRDA:191,10,0,0
BRDA:191,10,1,0
BRDA:192,11,0,0
BRDA:192,11,1,0
BRDA:193,12,0,0
BRDA:193,12,1,0
BRDA:194,13,0,0
BRDA:194,13,1,0
BRDA:211,14,0,0
BRDA:213,15,0,0
BRDA:213,15,1,0
BRDA:223,16,0,0
BRDA:223,16,1,0
BRDA:251,17,0,0
BRDA:251,17,1,0
BRDA:266,18,0,0
BRDA:266,18,1,0
BRDA:267,19,0,0
BRDA:267,19,1,0
BRDA:268,20,0,0
BRDA:268,20,1,0
BRDA:269,21,0,0
BRDA:269,21,1,0
BRDA:290,22,0,0
BRDA:290,22,1,0
BRDA:303,23,0,0
BRDA:303,23,1,0
BRDA:305,24,0,0
BRDA:305,24,1,0
BRDA:306,25,0,0
BRDA:306,25,1,0
BRDA:307,26,0,0
BRDA:307,26,1,0
BRDA:332,27,0,0
BRDA:332,27,1,0
BRDA:333,28,0,0
BRDA:333,28,1,0
BRDA:334,29,0,0
BRDA:334,29,1,0
BRDA:337,30,0,0
BRDA:337,30,1,0
BRDA:338,31,0,0
BRDA:338,31,1,0
BRDA:339,32,0,0
BRDA:339,32,1,0
BRDA:342,33,0,0
BRDA:342,33,1,0
BRDA:343,34,0,0
BRDA:343,34,1,0
BRDA:346,35,0,0
BRDA:346,35,1,0
BRDA:347,36,0,0
BRDA:347,36,1,0
BRDA:369,37,0,0
BRDA:369,37,1,0
BRDA:377,38,0,0
BRDA:377,38,1,0
BRDA:391,39,0,0
BRDA:391,39,1,0
BRDA:395,40,0,0
BRDA:395,40,1,0
BRDA:397,41,0,0
BRDA:397,41,1,0
BRDA:397,42,0,0
BRDA:397,42,1,0
BRDA:419,43,0,0
BRDA:419,43,1,0
BRDA:420,44,0,0
BRDA:420,44,1,0
BRDA:421,45,0,0
BRDA:421,45,1,0
BRDA:448,46,0,0
BRDA:448,46,1,0
BRDA:458,47,0,0
BRDA:458,47,1,0
BRDA:536,48,0,0
BRDA:536,48,1,0
BRDA:541,49,0,0
BRDA:541,49,1,0
BRDA:541,50,0,0
BRDA:541,50,1,0
BRDA:541,50,2,0
BRDA:545,51,0,0
BRDA:545,51,1,0
BRDA:552,52,0,0
BRDA:552,52,1,0
BRDA:602,53,0,0
BRDA:602,54,0,0
BRDA:602,55,0,0
BRDA:602,56,0,0
BRDA:602,57,0,0
BRDA:611,58,0,0
BRDA:611,58,1,0
BRDA:615,59,0,0
BRDA:615,59,1,0
BRDA:619,60,0,0
BRDA:619,60,1,0
BRDA:625,61,0,0
BRDA:625,61,1,0
BRDA:629,62,0,0
BRDA:629,62,1,0
BRF:117
BRH:0
end_of_record
TN:
SF:server/routes/fanEngagementTools.js
FN:17,(anonymous_0)
FN:62,(anonymous_1)
FN:102,(anonymous_2)
FN:142,(anonymous_3)
FN:177,(anonymous_4)
FN:217,(anonymous_5)
FN:252,(anonymous_6)
FN:288,(anonymous_7)
FN:322,(anonymous_8)
FN:359,(anonymous_9)
FN:402,(anonymous_10)
FN:432,(anonymous_11)
FNF:12
FNH:0
FNDA:0,(anonymous_0)
FNDA:0,(anonymous_1)
FNDA:0,(anonymous_2)
FNDA:0,(anonymous_3)
FNDA:0,(anonymous_4)
FNDA:0,(anonymous_5)
FNDA:0,(anonymous_6)
FNDA:0,(anonymous_7)
FNDA:0,(anonymous_8)
FNDA:0,(anonymous_9)
FNDA:0,(anonymous_10)
FNDA:0,(anonymous_11)
DA:6,0
DA:7,0
DA:17,0
DA:18,0
DA:19,0
DA:21,0
DA:22,0
DA:29,0
DA:30,0
DA:32,0
DA:45,0
DA:46,0
DA:62,0
DA:63,0
DA:64,0
DA:66,0
DA:67,0
DA:74,0
DA:75,0
DA:77,0
DA:87,0
DA:88,0
DA:102,0
DA:103,0
DA:104,0
DA:106,0
DA:107,0
DA:114,0
DA:115,0
DA:117,0
DA:128,0
DA:129,0
DA:142,0
DA:143,0
DA:144,0
DA:146,0
DA:147,0
DA:149,0
DA:160,0
DA:161,0
DA:177,0
DA:178,0
DA:179,0
DA:181,0
DA:182,0
DA:189,0
DA:190,0
DA:192,0
DA:203,0
DA:204,0
DA:217,0
DA:218,0
DA:219,0
DA:221,0
DA:222,0
DA:224,0
DA:235,0
DA:236,0
DA:252,0
DA:253,0
DA:254,0
DA:256,0
DA:257,0
DA:264,0
DA:265,0
DA:267,0
DA:274,0
DA:275,0
DA:288,0
DA:289,0
DA:290,0
DA:292,0
DA:293,0
DA:295,0
DA:305,0
DA:306,0
DA:322,0
DA:323,0
DA:324,0
DA:326,0
DA:327,0
DA:334,0
DA:335,0
DA:337,0
DA:344,0
DA:345,0
DA:359,0
DA:360,0
DA:361,0
DA:363,0
DA:364,0
DA:371,0
DA:372,0
DA:374,0
DA:386,0
DA:387,0
DA:402,0
DA:403,0
DA:404,0
DA:406,0
DA:407,0
DA:409,0
DA:416,0
DA:417,0
DA:432,0
DA:433,0
DA:434,0
DA:446,0
DA:453,0
DA:454,0
LF:110
LH:0
BRDA:21,0,0,0
BRDA:21,0,1,0
BRDA:48,1,0,0
BRDA:48,1,1,0
BRDA:66,2,0,0
BRDA:66,2,1,0
BRDA:66,3,0,0
BRDA:66,3,1,0
BRDA:90,4,0,0
BRDA:90,4,1,0
BRDA:106,5,0,0
BRDA:106,5,1,0
BRDA:106,6,0,0
BRDA:106,6,1,0
BRDA:106,6,2,0
BRDA:131,7,0,0
BRDA:131,7,1,0
BRDA:181,8,0,0
BRDA:181,8,1,0
BRDA:181,9,0,0
BRDA:181,9,1,0
BRDA:181,9,2,0
BRDA:206,10,0,0
BRDA:206,10,1,0
BRDA:256,11,0,0
BRDA:256,11,1,0
BRDA:256,12,0,0
BRDA:256,12,1,0
BRDA:256,12,2,0
BRDA:277,13,0,0
BRDA:277,13,1,0
BRDA:301,14,0,0
BRDA:301,14,1,0
BRDA:326,15,0,0
BRDA:326,15,1,0
BRDA:347,16,0,0
BRDA:347,16,1,0
BRDA:363,17,0,0
BRDA:363,17,1,0
BRDA:363,18,0,0
BRDA:363,18,1,0
BRDA:363,18,2,0
BRDA:389,19,0,0
BRDA:389,19,1,0
BRF:44
BRH:0
end_of_record
TN:
SF:server/routes/fanzCardWebhooks.ts
FN:18,(anonymous_0)
FN:60,(anonymous_1)
FNF:2
FNH:0
FNDA:0,(anonymous_0)
FNDA:0,(anonymous_1)
DA:6,0
DA:18,0
DA:19,0
DA:20,0
DA:28,0
DA:30,0
DA:32,0
DA:33,0
DA:39,0
DA:41,0
DA:42,0
DA:44,0
DA:60,0
DA:61,0
DA:62,0
DA:67,0
DA:69,0
DA:71,0
DA:72,0
DA:75,0
DA:77,0
DA:78,0
DA:80,0
LF:23
LH:0
BRDA:32,0,0,0
BRDA:32,0,1,0
BRDA:41,1,0,0
BRDA:41,1,1,0
BRDA:45,2,0,0
BRDA:45,2,1,0
BRDA:71,3,0,0
BRDA:71,3,1,0
BRDA:77,4,0,0
BRDA:77,4,1,0
BRDA:81,5,0,0
BRDA:81,5,1,0
BRF:12
BRH:0
end_of_record
TN:
SF:server/routes/immersiveApi.js
FN:12,(anonymous_0)
FN:33,(anonymous_1)
FN:64,(anonymous_2)
FN:95,(anonymous_3)
FN:130,(anonymous_4)
FN:152,(anonymous_5)
FN:179,(anonymous_6)
FN:199,(anonymous_7)
FN:217,(anonymous_8)
FN:247,(anonymous_9)
FN:266,(anonymous_10)
FN:284,(anonymous_11)
FN:302,(anonymous_12)
FN:326,(anonymous_13)
FN:351,(anonymous_14)
FN:403,(anonymous_15)
FNF:16
FNH:0
FNDA:0,(anonymous_0)
FNDA:0,(anonymous_1)
FNDA:0,(anonymous_2)
FNDA:0,(anonymous_3)
FNDA:0,(anonymous_4)
FNDA:0,(anonymous_5)
FNDA:0,(anonymous_6)
FNDA:0,(anonymous_7)
FNDA:0,(anonymous_8)
FNDA:0,(anonymous_9)
FNDA:0,(anonymous_10)
FNDA:0,(anonymous_11)
FNDA:0,(anonymous_12)
FNDA:0,(anonymous_13)
FNDA:0,(anonymous_14)
FNDA:0,(anonymous_15)
DA:8,0
DA:9,0
DA:12,0
DA:13,0
DA:14,0
DA:15,0
DA:17,0
DA:19,0
DA:27,0
DA:28,0
DA:33,0
DA:34,0
DA:35,0
DA:37,0
DA:38,0
DA:41,0
DA:51,0
DA:58,0
DA:59,0
DA:64,0
DA:65,0
DA:66,0
DA:68,0
DA:69,0
DA:72,0
DA:82,0
DA:89,0
DA:90,0
DA:95,0
DA:96,0
DA:97,0
DA:99,0
DA:100,0
DA:104,0
DA:106,0
DA:116,0
DA:124,0
DA:125,0
DA:130,0
DA:131,0
DA:132,0
DA:134,0
DA:139,0
DA:146,0
DA:147,0
DA:152,0
DA:153,0
DA:154,0
DA:155,0
DA:157,0
DA:167,0
DA:168,0
DA:170,0
DA:173,0
DA:174,0
DA:179,0
DA:180,0
DA:181,0
DA:183,0
DA:185,0
DA:193,0
DA:194,0
DA:199,0
DA:200,0
DA:201,0
DA:203,0
DA:205,0
DA:206,0
DA:208,0
DA:211,0
DA:212,0
DA:217,0
DA:218,0
DA:219,0
DA:221,0
DA:222,0
DA:225,0
DA:233,0
DA:241,0
DA:242,0
DA:247,0
DA:248,0
DA:249,0
DA:250,0
DA:252,0
DA:254,0
DA:255,0
DA:257,0
DA:260,0
DA:261,0
DA:266,0
DA:267,0
DA:268,0
DA:270,0
DA:272,0
DA:273,0
DA:275,0
DA:278,0
DA:279,0
DA:284,0
DA:285,0
DA:286,0
DA:288,0
DA:290,0
DA:291,0
DA:293,0
DA:296,0
DA:297,0
DA:302,0
DA:303,0
DA:304,0
DA:305,0
DA:307,0
DA:308,0
DA:310,0
DA:311,0
DA:317,0
DA:320,0
DA:321,0
DA:326,0
DA:327,0
DA:328,0
DA:329,0
DA:332,0
DA:333,0
DA:336,0
DA:338,0
DA:345,0
DA:346,0
DA:351,0
DA:352,0
DA:353,0
DA:391,0
DA:397,0
DA:398,0
DA:403,0
DA:404,0
DA:405,0
DA:420,0
DA:426,0
DA:427,0
LF:141
LH:0
BRDA:37,0,0,0
BRDA:37,0,1,0
BRDA:37,1,0,0
BRDA:37,1,1,0
BRDA:68,2,0,0
BRDA:68,2,1,0
BRDA:99,3,0,0
BRDA:99,3,1,0
BRDA:99,4,0,0
BRDA:99,4,1,0
BRDA:104,5,0,0
BRDA:104,5,1,0
BRDA:167,6,0,0
BRDA:167,6,1,0
BRDA:205,7,0,0
BRDA:205,7,1,0
BRDA:221,8,0,0
BRDA:221,8,1,0
BRDA:254,9,0,0
BRDA:254,9,1,0
BRDA:272,10,0,0
BRDA:272,10,1,0
BRDA:290,11,0,0
BRDA:290,11,1,0
BRDA:310,12,0,0
BRDA:310,12,1,0
BRDA:329,13,0,0
BRDA:332,14,0,0
BRDA:332,14,1,0
BRDA:332,15,0,0
BRDA:332,15,1,0
BRF:31
BRH:0
end_of_record
TN:
SF:server/routes/index.js
FN:21,(anonymous_0)
FN:45,(anonymous_1)
FNF:2
FNH:0
FNDA:0,(anonymous_0)
FNDA:0,(anonymous_1)
DA:18,0
DA:21,0
DA:22,0
DA:31,0
DA:32,0
DA:33,0
DA:34,0
DA:35,0
DA:36,0
DA:37,0
DA:38,0
DA:39,0
DA:40,0
DA:41,0
DA:42,0
DA:45,0
DA:46,0
LF:17
LH:0
BRDA:25,0,0,0
BRDA:25,0,1,0
BRDA:26,1,0,0
BRDA:26,1,1,0
BRF:4
BRH:0
end_of_record
TN:
SF:server/routes/orchestration.js
FN:22,(anonymous_0)
FN:39,(anonymous_1)
FN:47,(anonymous_2)
FN:62,(anonymous_3)
FN:96,(anonymous_4)
FN:103,(anonymous_5)
FN:104,(anonymous_6)
FN:135,(anonymous_7)
FN:137,(anonymous_8)
FN:167,(anonymous_9)
FN:184,(anonymous_10)
FN:202,(anonymous_11)
FN:243,(anonymous_12)
FN:297,(anonymous_13)
FN:319,(anonymous_14)
FN:360,(anonymous_15)
FN:382,(anonymous_16)
FN:403,(anonymous_17)
FN:404,(anonymous_18)
FN:430,(anonymous_19)
FN:432,(anonymous_20)
FN:445,(anonymous_21)
FN:446,(anonymous_22)
FN:447,(anonymous_23)
FN:463,(anonymous_24)
FN:502,(anonymous_25)
FN:550,(anonymous_26)
FN:558,(anonymous_27)
FN:567,(anonymous_28)
FN:572,(anonymous_29)
FN:598,(anonymous_30)
FNF:31
FNH:0
FNDA:0,(anonymous_0)
FNDA:0,(anonymous_1)
FNDA:0,(anonymous_2)
FNDA:0,(anonymous_3)
FNDA:0,(anonymous_4)
FNDA:0,(anonymous_5)
FNDA:0,(anonymous_6)
FNDA:0,(anonymous_7)
FNDA:0,(anonymous_8)
FNDA:0,(anonymous_9)
FNDA:0,(anonymous_10)
FNDA:0,(anonymous_11)
FNDA:0,(anonymous_12)
FNDA:0,(anonymous_13)
FNDA:0,(anonymous_14)
FNDA:0,(anonymous_15)
FNDA:0,(anonymous_16)
FNDA:0,(anonymous_17)
FNDA:0,(anonymous_18)
FNDA:0,(anonymous_19)
FNDA:0,(anonymous_20)
FNDA:0,(anonymous_21)
FNDA:0,(anonymous_22)
FNDA:0,(anonymous_23)
FNDA:0,(anonymous_24)
FNDA:0,(anonymous_25)
FNDA:0,(anonymous_26)
FNDA:0,(anonymous_27)
FNDA:0,(anonymous_28)
FNDA:0,(anonymous_29)
FNDA:0,(anonymous_30)
DA:7,0
DA:10,0
DA:19,0
DA:22,0
DA:23,0
DA:24,0
DA:29,0
DA:30,0
DA:39,0
DA:40,0
DA:41,0
DA:43,0
DA:47,0
DA:50,0
DA:51,0
DA:62,0
DA:63,0
DA:64,0
DA:65,0
DA:66,0
DA:68,0
DA:77,0
DA:78,0
DA:84,0
DA:85,0
DA:96,0
DA:97,0
DA:98,0
DA:99,0
DA:101,0
DA:104,0
DA:108,0
DA:110,0
DA:118,0
DA:119,0
DA:135,0
DA:136,0
DA:137,0
DA:149,0
DA:155,0
DA:156,0
DA:167,0
DA:168,0
DA:169,0
DA:170,0
DA:172,0
DA:173,0
DA:179,0
DA:185,0
DA:190,0
DA:191,0
DA:202,0
DA:203,0
DA:204,0
DA:207,0
DA:208,0
DA:215,0
DA:216,0
DA:222,0
DA:224,0
DA:231,0
DA:232,0
DA:243,0
DA:244,0
DA:245,0
DA:246,0
DA:249,0
DA:256,0
DA:262,0
DA:268,0
DA:270,0
DA:271,0
DA:277,0
DA:278,0
DA:284,0
DA:297,0
DA:298,0
DA:299,0
DA:301,0
DA:307,0
DA:308,0
DA:319,0
DA:320,0
DA:321,0
DA:322,0
DA:324,0
DA:325,0
DA:331,0
DA:346,0
DA:347,0
DA:360,0
DA:361,0
DA:362,0
DA:364,0
DA:370,0
DA:371,0
DA:382,0
DA:383,0
DA:384,0
DA:385,0
DA:389,0
DA:403,0
DA:404,0
DA:410,0
DA:416,0
DA:417,0
DA:430,0
DA:431,0
DA:432,0
DA:440,0
DA:445,0
DA:446,0
DA:447,0
DA:451,0
DA:452,0
DA:463,0
DA:464,0
DA:465,0
DA:466,0
DA:468,0
DA:469,0
DA:476,0
DA:477,0
DA:478,0
DA:479,0
DA:481,0
DA:488,0
DA:489,0
DA:502,0
DA:503,0
DA:504,0
DA:505,0
DA:507,0
DA:508,0
DA:509,0
DA:517,0
DA:538,0
DA:539,0
DA:550,0
DA:551,0
DA:552,0
DA:553,0
DA:554,0
DA:557,0
DA:558,0
DA:559,0
DA:560,0
DA:564,0
DA:567,0
DA:572,0
DA:582,0
DA:583,0
DA:589,0
DA:590,0
DA:598,0
DA:599,0
DA:601,0
LF:157
LH:0
BRDA:23,0,0,0
BRDA:23,0,1,0
BRDA:77,1,0,0
BRDA:77,1,1,0
BRDA:108,2,0,0
BRDA:108,2,1,0
BRDA:172,3,0,0
BRDA:172,3,1,0
BRDA:207,4,0,0
BRDA:207,4,1,0
BRDA:207,5,0,0
BRDA:207,5,1,0
BRDA:215,6,0,0
BRDA:215,6,1,0
BRDA:246,7,0,0
BRDA:246,8,0,0
BRDA:251,9,0,0
BRDA:251,9,1,0
BRDA:270,10,0,0
BRDA:270,10,1,0
BRDA:277,11,0,0
BRDA:277,11,1,0
BRDA:324,12,0,0
BRDA:324,12,1,0
BRDA:385,13,0,0
BRDA:385,13,1,0
BRDA:436,14,0,0
BRDA:436,14,1,0
BRDA:437,15,0,0
BRDA:437,15,1,0
BRDA:468,16,0,0
BRDA:468,16,1,0
BRDA:505,17,0,0
BRDA:505,18,0,0
BRDA:508,19,0,0
BRDA:508,19,1,0
BRDA:525,20,0,0
BRDA:525,20,1,0
BRDA:554,21,0,0
BRDA:554,21,1,0
BRDA:559,22,0,0
BRDA:559,22,1,0
BRDA:582,23,0,0
BRDA:582,23,1,0
BRF:44
BRH:0
end_of_record
TN:
SF:server/routes/pipelineIntegrationRoutes.js
FN:10,(anonymous_0)
FN:21,(anonymous_1)
FN:46,(anonymous_2)
FN:71,(anonymous_3)
FN:84,(anonymous_4)
FN:89,(anonymous_5)
FN:102,(anonymous_6)
FN:105,(anonymous_7)
FN:106,(anonymous_8)
FN:110,(anonymous_9)
FN:126,(anonymous_10)
FN:174,(anonymous_11)
FN:217,(anonymous_12)
FN:247,(anonymous_13)
FN:254,(anonymous_14)
FN:275,(anonymous_15)
FN:277,(anonymous_16)
FN:292,(anonymous_17)
FN:301,(anonymous_18)
FN:304,(anonymous_19)
FN:310,(anonymous_20)
FN:314,(anonymous_21)
FN:329,(anonymous_22)
FN:365,(anonymous_23)
FN:370,(anonymous_24)
FN:386,(anonymous_25)
FN:387,(anonymous_26)
FN:388,(anonymous_27)
FN:405,(anonymous_28)
FN:430,(anonymous_29)
FN:434,(anonymous_30)
FN:472,(anonymous_31)
FN:508,(anonymous_32)
FNF:33
FNH:0
FNDA:0,(anonymous_0)
FNDA:0,(anonymous_1)
FNDA:0,(anonymous_2)
FNDA:0,(anonymous_3)
FNDA:0,(anonymous_4)
FNDA:0,(anonymous_5)
FNDA:0,(anonymous_6)
FNDA:0,(anonymous_7)
FNDA:0,(anonymous_8)
FNDA:0,(anonymous_9)
FNDA:0,(anonymous_10)
FNDA:0,(anonymous_11)
FNDA:0,(anonymous_12)
FNDA:0,(anonymous_13)
FNDA:0,(anonymous_14)
FNDA:0,(anonymous_15)
FNDA:0,(anonymous_16)
FNDA:0,(anonymous_17)
FNDA:0,(anonymous_18)
FNDA:0,(anonymous_19)
FNDA:0,(anonymous_20)
FNDA:0,(anonymous_21)
FNDA:0,(anonymous_22)
FNDA:0,(anonymous_23)
FNDA:0,(anonymous_24)
FNDA:0,(anonymous_25)
FNDA:0,(anonymous_26)
FNDA:0,(anonymous_27)
FNDA:0,(anonymous_28)
FNDA:0,(anonymous_29)
FNDA:0,(anonymous_30)
FNDA:0,(anonymous_31)
FNDA:0,(anonymous_32)
DA:7,0
DA:10,0
DA:11,0
DA:12,0
DA:17,0
DA:21,0
DA:22,0
DA:23,0
DA:24,0
DA:26,0
DA:37,0
DA:38,0
DA:46,0
DA:47,0
DA:48,0
DA:50,0
DA:51,0
DA:54,0
DA:55,0
DA:62,0
DA:64,0
DA:71,0
DA:74,0
DA:75,0
DA:84,0
DA:85,0
DA:86,0
DA:87,0
DA:89,0
DA:100,0
DA:102,0
DA:105,0
DA:107,0
DA:108,0
DA:111,0
DA:112,0
DA:117,0
DA:118,0
DA:126,0
DA:127,0
DA:128,0
DA:129,0
DA:130,0
DA:132,0
DA:133,0
DA:139,0
DA:140,0
DA:148,0
DA:165,0
DA:166,0
DA:174,0
DA:175,0
DA:176,0
DA:177,0
DA:179,0
DA:180,0
DA:186,0
DA:187,0
DA:193,0
DA:194,0
DA:200,0
DA:207,0
DA:208,0
DA:217,0
DA:218,0
DA:219,0
DA:220,0
DA:222,0
DA:223,0
DA:225,0
DA:230,0
DA:238,0
DA:239,0
DA:247,0
DA:248,0
DA:249,0
DA:250,0
DA:252,0
DA:253,0
DA:255,0
DA:256,0
DA:257,0
DA:265,0
DA:268,0
DA:275,0
DA:277,0
DA:283,0
DA:284,0
DA:292,0
DA:293,0
DA:294,0
DA:295,0
DA:297,0
DA:299,0
DA:301,0
DA:305,0
DA:306,0
DA:311,0
DA:312,0
DA:315,0
DA:320,0
DA:321,0
DA:329,0
DA:330,0
DA:331,0
DA:332,0
DA:334,0
DA:335,0
DA:337,0
DA:343,0
DA:344,0
DA:350,0
DA:356,0
DA:357,0
DA:365,0
DA:366,0
DA:367,0
DA:368,0
DA:370,0
DA:381,0
DA:386,0
DA:388,0
DA:389,0
DA:391,0
DA:396,0
DA:397,0
DA:405,0
DA:406,0
DA:407,0
DA:409,0
DA:410,0
DA:417,0
DA:418,0
DA:425,0
DA:426,0
DA:429,0
DA:430,0
DA:432,0
DA:434,0
DA:437,0
DA:439,0
DA:461,0
DA:462,0
DA:472,0
DA:473,0
DA:474,0
DA:475,0
DA:477,0
DA:478,0
DA:480,0
DA:481,0
DA:487,0
DA:489,0
DA:498,0
DA:499,0
DA:508,0
DA:509,0
DA:510,0
DA:511,0
DA:513,0
DA:534,0
DA:540,0
DA:541,0
LF:163
LH:0
BRDA:11,0,0,0
BRDA:11,0,1,0
BRDA:48,1,0,0
BRDA:48,1,1,0
BRDA:54,2,0,0
BRDA:54,2,1,0
BRDA:95,3,0,0
BRDA:95,3,1,0
BRDA:96,4,0,0
BRDA:96,4,1,0
BRDA:97,5,0,0
BRDA:97,5,1,0
BRDA:107,6,0,0
BRDA:107,6,1,0
BRDA:111,7,0,0
BRDA:111,7,1,0
BRDA:132,8,0,0
BRDA:132,8,1,0
BRDA:140,9,0,0
BRDA:140,9,1,0
BRDA:155,10,0,0
BRDA:155,10,1,0
BRDA:158,11,0,0
BRDA:158,11,1,0
BRDA:179,12,0,0
BRDA:179,12,1,0
BRDA:193,13,0,0
BRDA:193,13,1,0
BRDA:226,14,0,0
BRDA:226,14,1,0
BRDA:227,15,0,0
BRDA:227,15,1,0
BRDA:234,16,0,0
BRDA:234,16,1,0
BRDA:256,17,0,0
BRDA:256,17,1,0
BRDA:259,18,0,0
BRDA:259,18,1,0
BRDA:276,19,0,0
BRDA:276,19,1,0
BRDA:306,20,0,0
BRDA:306,20,1,0
BRDA:306,21,0,0
BRDA:306,21,1,0
BRDA:311,22,0,0
BRDA:311,22,1,0
BRDA:338,23,0,0
BRDA:338,23,1,0
BRDA:339,24,0,0
BRDA:339,24,1,0
BRDA:343,25,0,0
BRDA:343,25,1,0
BRDA:372,26,0,0
BRDA:372,26,1,0
BRDA:378,27,0,0
BRDA:378,27,1,0
BRDA:389,28,0,0
BRDA:389,28,1,0
BRDA:409,29,0,0
BRDA:409,29,1,0
BRDA:417,30,0,0
BRDA:417,30,1,0
BRDA:429,31,0,0
BRDA:429,31,1,0
BRDA:430,32,0,0
BRDA:430,32,1,0
BRDA:432,33,0,0
BRDA:432,33,1,0
BRDA:433,34,0,0
BRDA:433,34,1,0
BRDA:434,35,0,0
BRDA:434,35,1,0
BRDA:441,36,0,0
BRDA:441,36,1,0
BRDA:475,37,0,0
BRDA:480,38,0,0
BRDA:480,38,1,0
BRF:77
BRH:0
end_of_record
TN:
SF:server/routes/revenueOptimizationRoutes.js
FN:18,(anonymous_0)
FN:70,(anonymous_1)
FN:110,(anonymous_2)
FN:132,(anonymous_3)
FN:171,(anonymous_4)
FN:229,(anonymous_5)
FN:275,(anonymous_6)
FN:301,(anonymous_7)
FN:302,(anonymous_8)
FN:343,(anonymous_9)
FN:394,(anonymous_10)
FN:457,(anonymous_11)
FN:498,(anonymous_12)
FN:517,(anonymous_13)
FN:526,(anonymous_14)
FN:564,(anonymous_15)
FN:593,(anonymous_16)
FN:597,(anonymous_17)
FN:635,(anonymous_18)
FN:647,(anonymous_19)
FN:651,(anonymous_20)
FN:652,(anonymous_21)
FNF:22
FNH:0
FNDA:0,(anonymous_0)
FNDA:0,(anonymous_1)
FNDA:0,(anonymous_2)
FNDA:0,(anonymous_3)
FNDA:0,(anonymous_4)
FNDA:0,(anonymous_5)
FNDA:0,(anonymous_6)
FNDA:0,(anonymous_7)
FNDA:0,(anonymous_8)
FNDA:0,(anonymous_9)
FNDA:0,(anonymous_10)
FNDA:0,(anonymous_11)
FNDA:0,(anonymous_12)
FNDA:0,(anonymous_13)
FNDA:0,(anonymous_14)
FNDA:0,(anonymous_15)
FNDA:0,(anonymous_16)
FNDA:0,(anonymous_17)
FNDA:0,(anonymous_18)
FNDA:0,(anonymous_19)
FNDA:0,(anonymous_20)
FNDA:0,(anonymous_21)
DA:8,0
DA:9,0
DA:18,0
DA:19,0
DA:20,0
DA:21,0
DA:23,0
DA:24,0
DA:31,0
DA:32,0
DA:33,0
DA:39,0
DA:45,0
DA:56,0
DA:57,0
DA:70,0
DA:71,0
DA:72,0
DA:73,0
DA:76,0
DA:77,0
DA:83,0
DA:84,0
DA:86,0
DA:88,0
DA:89,0
DA:95,0
DA:96,0
DA:97,0
DA:98,0
DA:106,0
DA:110,0
DA:116,0
DA:117,0
DA:132,0
DA:133,0
DA:134,0
DA:135,0
DA:137,0
DA:142,0
DA:157,0
DA:158,0
DA:171,0
DA:172,0
DA:173,0
DA:174,0
DA:177,0
DA:178,0
DA:185,0
DA:187,0
DA:188,0
DA:194,0
DA:197,0
DA:198,0
DA:201,0
DA:213,0
DA:214,0
DA:229,0
DA:230,0
DA:231,0
DA:232,0
DA:234,0
DA:235,0
DA:241,0
DA:246,0
DA:261,0
DA:262,0
DA:275,0
DA:276,0
DA:277,0
DA:278,0
DA:281,0
DA:282,0
DA:288,0
DA:290,0
DA:291,0
DA:297,0
DA:300,0
DA:301,0
DA:302,0
DA:303,0
DA:305,0
DA:306,0
DA:312,0
DA:320,0
DA:327,0
DA:328,0
DA:343,0
DA:344,0
DA:345,0
DA:346,0
DA:349,0
DA:350,0
DA:351,0
DA:357,0
DA:363,0
DA:380,0
DA:381,0
DA:394,0
DA:395,0
DA:396,0
DA:397,0
DA:400,0
DA:401,0
DA:409,0
DA:411,0
DA:412,0
DA:415,0
DA:427,0
DA:441,0
DA:442,0
DA:457,0
DA:458,0
DA:460,0
DA:461,0
DA:467,0
DA:469,0
DA:484,0
DA:485,0
DA:498,0
DA:499,0
DA:500,0
DA:501,0
DA:504,0
DA:511,0
DA:517,0
DA:525,0
DA:526,0
DA:538,0
DA:550,0
DA:551,0
DA:564,0
DA:565,0
DA:566,0
DA:569,0
DA:570,0
DA:577,0
DA:587,0
DA:588,0
DA:589,0
DA:592,0
DA:593,0
DA:595,0
DA:596,0
DA:597,0
DA:598,0
DA:599,0
DA:600,0
DA:601,0
DA:607,0
DA:608,0
DA:609,0
DA:610,0
DA:620,0
DA:621,0
DA:622,0
DA:623,0
DA:634,0
DA:635,0
DA:636,0
DA:646,0
DA:647,0
DA:651,0
DA:652,0
DA:657,0
DA:668,0
DA:669,0
LF:167
LH:0
BRDA:23,0,0,0
BRDA:23,0,1,0
BRDA:32,1,0,0
BRDA:32,1,1,0
BRDA:42,2,0,0
BRDA:42,2,1,0
BRDA:60,3,0,0
BRDA:60,3,1,0
BRDA:73,4,0,0
BRDA:76,5,0,0
BRDA:76,5,1,0
BRDA:76,6,0,0
BRDA:76,6,1,0
BRDA:84,7,0,0
BRDA:84,7,1,0
BRDA:86,8,0,0
BRDA:86,8,1,0
BRDA:88,9,0,0
BRDA:88,9,1,0
BRDA:96,10,0,0
BRDA:96,10,1,0
BRDA:120,11,0,0
BRDA:120,11,1,0
BRDA:139,12,0,0
BRDA:139,12,1,0
BRDA:161,13,0,0
BRDA:161,13,1,0
BRDA:177,14,0,0
BRDA:177,14,1,0
BRDA:177,15,0,0
BRDA:177,15,1,0
BRDA:187,16,0,0
BRDA:187,16,1,0
BRDA:197,17,0,0
BRDA:197,17,1,0
BRDA:197,18,0,0
BRDA:197,18,1,0
BRDA:206,19,0,0
BRDA:206,19,1,0
BRDA:208,20,0,0
BRDA:208,20,1,0
BRDA:217,21,0,0
BRDA:217,21,1,0
BRDA:234,22,0,0
BRDA:234,22,1,0
BRDA:234,23,0,0
BRDA:234,23,1,0
BRDA:265,24,0,0
BRDA:265,24,1,0
BRDA:281,25,0,0
BRDA:281,25,1,0
BRDA:281,26,0,0
BRDA:281,26,1,0
BRDA:290,27,0,0
BRDA:290,27,1,0
BRDA:300,28,0,0
BRDA:300,28,1,0
BRDA:305,29,0,0
BRDA:305,29,1,0
BRDA:331,30,0,0
BRDA:331,30,1,0
BRDA:345,31,0,0
BRDA:350,32,0,0
BRDA:350,32,1,0
BRDA:360,33,0,0
BRDA:360,33,1,0
BRDA:384,34,0,0
BRDA:384,34,1,0
BRDA:397,35,0,0
BRDA:400,36,0,0
BRDA:400,36,1,0
BRDA:400,37,0,0
BRDA:400,37,1,0
BRDA:411,38,0,0
BRDA:411,38,1,0
BRDA:445,39,0,0
BRDA:445,39,1,0
BRDA:460,40,0,0
BRDA:460,40,1,0
BRDA:488,41,0,0
BRDA:488,41,1,0
BRDA:505,42,0,0
BRDA:505,42,1,0
BRDA:506,43,0,0
BRDA:506,43,1,0
BRDA:507,44,0,0
BRDA:507,44,1,0
BRDA:508,45,0,0
BRDA:508,45,1,0
BRDA:512,46,0,0
BRDA:512,46,1,0
BRDA:513,47,0,0
BRDA:513,47,1,0
BRDA:514,48,0,0
BRDA:514,48,1,0
BRDA:515,49,0,0
BRDA:515,49,1,0
BRDA:517,50,0,0
BRDA:517,50,1,0
BRDA:527,51,0,0
BRDA:527,51,1,0
BRDA:528,52,0,0
BRDA:528,52,1,0
BRDA:529,53,0,0
BRDA:529,53,1,0
BRDA:530,54,0,0
BRDA:530,54,1,0
BRDA:532,55,0,0
BRDA:532,55,1,0
BRDA:533,56,0,0
BRDA:533,56,1,0
BRDA:534,57,0,0
BRDA:534,57,1,0
BRDA:554,58,0,0
BRDA:554,58,1,0
BRDA:569,59,0,0
BRDA:569,59,1,0
BRDA:569,60,0,0
BRDA:569,60,1,0
BRDA:595,61,0,0
BRDA:595,61,1,0
BRDA:600,62,0,0
BRDA:600,62,1,0
BRDA:600,63,0,0
BRDA:600,63,1,0
BRDA:607,64,0,0
BRDA:607,64,1,0
BRDA:609,65,0,0
BRDA:609,65,1,0
BRDA:620,66,0,0
BRDA:620,66,1,0
BRDA:622,67,0,0
BRDA:622,67,1,0
BRDA:634,68,0,0
BRDA:634,68,1,0
BRDA:647,69,0,0
BRDA:647,69,1,0
BRDA:648,70,0,0
BRDA:648,70,1,0
BRDA:648,71,0,0
BRDA:648,71,1,0
BRDA:651,72,0,0
BRDA:651,72,1,0
BRDA:651,72,2,0
BRDA:672,73,0,0
BRDA:672,73,1,0
BRF:146
BRH:0
end_of_record
TN:
SF:server/routes/revolutionarySocial.js
FN:13,(anonymous_0)
FN:61,(anonymous_1)
FN:95,(anonymous_2)
FN:138,(anonymous_3)
FN:155,(anonymous_4)
FN:172,(anonymous_5)
FN:222,(anonymous_6)
FN:256,(anonymous_7)
FN:300,(anonymous_8)
FN:336,(anonymous_9)
FN:379,(anonymous_10)
FN:414,(anonymous_11)
FN:468,(anonymous_12)
FN:504,(anonymous_13)
FN:553,(anonymous_14)
FN:600,(anonymous_15)
FN:635,(anonymous_16)
FN:652,(anonymous_17)
FN:670,(anonymous_18)
FN:684,(anonymous_19)
FN:705,(anonymous_20)
FN:722,(anonymous_21)
FN:728,(anonymous_22)
FN:729,(anonymous_23)
FN:730,(anonymous_24)
FN:731,(anonymous_25)
FN:734,(anonymous_26)
FN:738,(anonymous_27)
FN:762,(anonymous_28)
FN:768,(anonymous_29)
FN:769,(anonymous_30)
FN:770,(anonymous_31)
FN:771,(anonymous_32)
FN:774,(anonymous_33)
FN:778,(anonymous_34)
FN:802,(anonymous_35)
FN:808,(anonymous_36)
FN:809,(anonymous_37)
FN:810,(anonymous_38)
FN:811,(anonymous_39)
FN:814,(anonymous_40)
FN:818,(anonymous_41)
FN:846,(anonymous_42)
FNF:43
FNH:0
FNDA:0,(anonymous_0)
FNDA:0,(anonymous_1)
FNDA:0,(anonymous_2)
FNDA:0,(anonymous_3)
FNDA:0,(anonymous_4)
FNDA:0,(anonymous_5)
FNDA:0,(anonymous_6)
FNDA:0,(anonymous_7)
FNDA:0,(anonymous_8)
FNDA:0,(anonymous_9)
FNDA:0,(anonymous_10)
FNDA:0,(anonymous_11)
FNDA:0,(anonymous_12)
FNDA:0,(anonymous_13)
FNDA:0,(anonymous_14)
FNDA:0,(anonymous_15)
FNDA:0,(anonymous_16)
FNDA:0,(anonymous_17)
FNDA:0,(anonymous_18)
FNDA:0,(anonymous_19)
FNDA:0,(anonymous_20)
FNDA:0,(anonymous_21)
FNDA:0,(anonymous_22)
FNDA:0,(anonymous_23)
FNDA:0,(anonymous_24)
FNDA:0,(anonymous_25)
FNDA:0,(anonymous_26)
FNDA:0,(anonymous_27)
FNDA:0,(anonymous_28)
FNDA:0,(anonymous_29)
FNDA:0,(anonymous_30)
FNDA:0,(anonymous_31)
FNDA:0,(anonymous_32)
FNDA:0,(anonymous_33)
FNDA:0,(anonymous_34)
FNDA:0,(anonymous_35)
FNDA:0,(anonymous_36)
FNDA:0,(anonymous_37)
FNDA:0,(anonymous_38)
FNDA:0,(anonymous_39)
FNDA:0,(anonymous_40)
FNDA:0,(anonymous_41)
FNDA:0,(anonymous_42)
DA:7,0
DA:8,0
DA:13,0
DA:14,0
DA:15,0
DA:16,0
DA:34,0
DA:36,0
DA:51,0
DA:52,0
DA:61,0
DA:62,0
DA:63,0
DA:64,0
DA:66,0
DA:67,0
DA:73,0
DA:83,0
DA:84,0
DA:95,0
DA:96,0
DA:97,0
DA:98,0
DA:113,0
DA:115,0
DA:128,0
DA:129,0
DA:138,0
DA:139,0
DA:140,0
DA:141,0
DA:143,0
DA:144,0
DA:150,0
DA:155,0
DA:160,0
DA:161,0
DA:172,0
DA:173,0
DA:174,0
DA:175,0
DA:196,0
DA:198,0
DA:212,0
DA:213,0
DA:222,0
DA:223,0
DA:224,0
DA:225,0
DA:227,0
DA:228,0
DA:234,0
DA:244,0
DA:245,0
DA:256,0
DA:257,0
DA:258,0
DA:259,0
DA:273,0
DA:275,0
DA:290,0
DA:291,0
DA:300,0
DA:301,0
DA:302,0
DA:303,0
DA:305,0
DA:306,0
DA:312,0
DA:324,0
DA:325,0
DA:336,0
DA:337,0
DA:338,0
DA:339,0
DA:352,0
DA:354,0
DA:369,0
DA:370,0
DA:379,0
DA:380,0
DA:381,0
DA:382,0
DA:384,0
DA:385,0
DA:391,0
DA:402,0
DA:403,0
DA:414,0
DA:415,0
DA:416,0
DA:417,0
DA:441,0
DA:443,0
DA:458,0
DA:459,0
DA:468,0
DA:469,0
DA:470,0
DA:471,0
DA:473,0
DA:474,0
DA:480,0
DA:492,0
DA:493,0
DA:504,0
DA:505,0
DA:506,0
DA:507,0
DA:525,0
DA:527,0
DA:541,0
DA:542,0
DA:553,0
DA:554,0
DA:555,0
DA:556,0
DA:571,0
DA:573,0
DA:588,0
DA:589,0
DA:600,0
DA:601,0
DA:602,0
DA:603,0
DA:624,0
DA:626,0
DA:635,0
DA:640,0
DA:641,0
DA:652,0
DA:653,0
DA:654,0
DA:656,0
DA:657,0
DA:663,0
DA:665,0
DA:670,0
DA:674,0
DA:675,0
DA:684,0
DA:685,0
DA:686,0
DA:687,0
DA:689,0
DA:690,0
DA:696,0
DA:698,0
DA:705,0
DA:710,0
DA:711,0
DA:722,0
DA:723,0
DA:724,0
DA:726,0
DA:728,0
DA:729,0
DA:730,0
DA:731,0
DA:734,0
DA:736,0
DA:738,0
DA:752,0
DA:753,0
DA:762,0
DA:763,0
DA:764,0
DA:766,0
DA:768,0
DA:769,0
DA:770,0
DA:771,0
DA:774,0
DA:776,0
DA:778,0
DA:792,0
DA:793,0
DA:802,0
DA:803,0
DA:804,0
DA:806,0
DA:808,0
DA:809,0
DA:810,0
DA:811,0
DA:814,0
DA:816,0
DA:818,0
DA:834,0
DA:835,0
DA:846,0
DA:847,0
DA:848,0
DA:866,0
DA:871,0
DA:872,0
LF:196
LH:0
BRDA:15,0,0,0
BRDA:15,0,1,0
BRDA:19,1,0,0
BRDA:19,1,1,0
BRDA:20,2,0,0
BRDA:20,2,1,0
BRDA:21,3,0,0
BRDA:21,3,1,0
BRDA:22,4,0,0
BRDA:22,4,1,0
BRDA:24,5,0,0
BRDA:24,5,1,0
BRDA:25,6,0,0
BRDA:25,6,1,0
BRDA:26,7,0,0
BRDA:26,7,1,0
BRDA:27,8,0,0
BRDA:27,8,1,0
BRDA:28,9,0,0
BRDA:28,9,1,0
BRDA:29,10,0,0
BRDA:29,10,1,0
BRDA:30,11,0,0
BRDA:30,11,1,0
BRDA:31,12,0,0
BRDA:31,12,1,0
BRDA:66,13,0,0
BRDA:66,13,1,0
BRDA:97,14,0,0
BRDA:97,14,1,0
BRDA:101,15,0,0
BRDA:101,15,1,0
BRDA:103,16,0,0
BRDA:103,16,1,0
BRDA:105,17,0,0
BRDA:105,17,1,0
BRDA:106,18,0,0
BRDA:106,18,1,0
BRDA:107,19,0,0
BRDA:107,19,1,0
BRDA:108,20,0,0
BRDA:108,20,1,0
BRDA:109,21,0,0
BRDA:109,21,1,0
BRDA:110,22,0,0
BRDA:110,22,1,0
BRDA:143,23,0,0
BRDA:143,23,1,0
BRDA:174,24,0,0
BRDA:174,24,1,0
BRDA:178,25,0,0
BRDA:178,25,1,0
BRDA:179,26,0,0
BRDA:179,26,1,0
BRDA:182,27,0,0
BRDA:182,27,1,0
BRDA:183,28,0,0
BRDA:183,28,1,0
BRDA:184,29,0,0
BRDA:184,29,1,0
BRDA:191,30,0,0
BRDA:191,30,1,0
BRDA:192,31,0,0
BRDA:192,31,1,0
BRDA:193,32,0,0
BRDA:193,32,1,0
BRDA:227,33,0,0
BRDA:227,33,1,0
BRDA:258,34,0,0
BRDA:258,34,1,0
BRDA:262,35,0,0
BRDA:262,35,1,0
BRDA:263,36,0,0
BRDA:263,36,1,0
BRDA:264,37,0,0
BRDA:264,37,1,0
BRDA:265,38,0,0
BRDA:265,38,1,0
BRDA:266,39,0,0
BRDA:266,39,1,0
BRDA:267,40,0,0
BRDA:267,40,1,0
BRDA:268,41,0,0
BRDA:268,41,1,0
BRDA:286,42,0,0
BRDA:286,42,1,0
BRDA:305,43,0,0
BRDA:305,43,1,0
BRDA:338,44,0,0
BRDA:338,44,1,0
BRDA:342,45,0,0
BRDA:342,45,1,0
BRDA:343,46,0,0
BRDA:343,46,1,0
BRDA:344,47,0,0
BRDA:344,47,1,0
BRDA:345,48,0,0
BRDA:345,48,1,0
BRDA:346,49,0,0
BRDA:346,49,1,0
BRDA:347,50,0,0
BRDA:347,50,1,0
BRDA:348,51,0,0
BRDA:348,51,1,0
BRDA:349,52,0,0
BRDA:349,52,1,0
BRDA:384,53,0,0
BRDA:384,53,1,0
BRDA:416,54,0,0
BRDA:416,54,1,0
BRDA:420,55,0,0
BRDA:420,55,1,0
BRDA:421,56,0,0
BRDA:421,56,1,0
BRDA:422,57,0,0
BRDA:422,57,1,0
BRDA:423,58,0,0
BRDA:423,58,1,0
BRDA:426,59,0,0
BRDA:426,59,1,0
BRDA:427,60,0,0
BRDA:427,60,1,0
BRDA:432,61,0,0
BRDA:432,61,1,0
BRDA:433,62,0,0
BRDA:433,62,1,0
BRDA:434,63,0,0
BRDA:434,63,1,0
BRDA:438,64,0,0
BRDA:438,64,1,0
BRDA:473,65,0,0
BRDA:473,65,1,0
BRDA:506,66,0,0
BRDA:506,66,1,0
BRDA:511,67,0,0
BRDA:511,67,1,0
BRDA:512,68,0,0
BRDA:512,68,1,0
BRDA:513,69,0,0
BRDA:513,69,1,0
BRDA:514,70,0,0
BRDA:514,70,1,0
BRDA:516,71,0,0
BRDA:516,71,1,0
BRDA:517,72,0,0
BRDA:517,72,1,0
BRDA:522,73,0,0
BRDA:522,73,1,0
BRDA:555,74,0,0
BRDA:555,74,1,0
BRDA:559,75,0,0
BRDA:559,75,1,0
BRDA:560,76,0,0
BRDA:560,76,1,0
BRDA:561,77,0,0
BRDA:561,77,1,0
BRDA:562,78,0,0
BRDA:562,78,1,0
BRDA:564,79,0,0
BRDA:564,79,1,0
BRDA:565,80,0,0
BRDA:565,80,1,0
BRDA:566,81,0,0
BRDA:566,81,1,0
BRDA:567,82,0,0
BRDA:567,82,1,0
BRDA:568,83,0,0
BRDA:568,83,1,0
BRDA:602,84,0,0
BRDA:602,84,1,0
BRDA:606,85,0,0
BRDA:606,85,1,0
BRDA:607,86,0,0
BRDA:607,86,1,0
BRDA:608,87,0,0
BRDA:608,87,1,0
BRDA:610,88,0,0
BRDA:610,88,1,0
BRDA:611,89,0,0
BRDA:611,89,1,0
BRDA:612,90,0,0
BRDA:612,90,1,0
BRDA:613,91,0,0
BRDA:613,91,1,0
BRDA:620,92,0,0
BRDA:620,92,1,0
BRDA:621,93,0,0
BRDA:621,93,1,0
BRDA:654,94,0,0
BRDA:654,94,1,0
BRDA:656,95,0,0
BRDA:656,95,1,0
BRDA:686,96,0,0
BRDA:686,96,1,0
BRDA:687,97,0,0
BRDA:687,97,1,0
BRDA:689,98,0,0
BRDA:689,98,1,0
BRDA:704,99,0,0
BRDA:704,99,1,0
BRDA:728,100,0,0
BRDA:728,100,1,0
BRDA:729,101,0,0
BRDA:729,101,1,0
BRDA:730,102,0,0
BRDA:730,102,1,0
BRDA:731,103,0,0
BRDA:731,103,1,0
BRDA:768,104,0,0
BRDA:768,104,1,0
BRDA:769,105,0,0
BRDA:769,105,1,0
BRDA:770,106,0,0
BRDA:770,106,1,0
BRDA:771,107,0,0
BRDA:771,107,1,0
BRDA:808,108,0,0
BRDA:808,108,1,0
BRDA:809,109,0,0
BRDA:809,109,1,0
BRDA:810,110,0,0
BRDA:810,110,1,0
BRDA:811,111,0,0
BRDA:811,111,1,0
BRF:224
BRH:0
end_of_record
TN:
SF:server/routes/serviceDiscoveryRoutes.js
FN:13,(anonymous_0)
FN:41,(anonymous_1)
FN:54,(anonymous_2)
FN:58,(anonymous_3)
FN:62,(anonymous_4)
FN:88,(anonymous_5)
FN:123,(anonymous_6)
FN:201,(anonymous_7)
FN:236,(anonymous_8)
FN:266,(anonymous_9)
FN:304,(anonymous_10)
FN:339,(anonymous_11)
FN:352,(anonymous_12)
FN:353,(anonymous_13)
FN:373,(anonymous_14)
FN:401,(anonymous_15)
FN:410,(anonymous_16)
FN:437,(anonymous_17)
FN:457,(anonymous_18)
FN:458,(anonymous_19)
FN:485,(anonymous_20)
FN:496,(anonymous_21)
FN:531,(anonymous_22)
FN:550,(anonymous_23)
FN:551,(anonymous_24)
FN:571,(anonymous_25)
FN:596,(anonymous_26)
FN:603,(anonymous_27)
FN:607,(anonymous_28)
FN:611,(anonymous_29)
FN:615,(anonymous_30)
FN:619,(anonymous_31)
FN:625,(anonymous_32)
FN:655,(anonymous_33)
FN:686,(anonymous_34)
FN:703,(anonymous_35)
FN:718,(anonymous_36)
FN:719,(anonymous_37)
FN:720,(anonymous_38)
FN:721,(anonymous_39)
FN:722,(anonymous_40)
FN:723,(anonymous_41)
FN:724,(anonymous_42)
FN:725,(anonymous_43)
FN:726,(anonymous_44)
FN:727,(anonymous_45)
FN:736,(anonymous_46)
FNF:47
FNH:0
FNDA:0,(anonymous_0)
FNDA:0,(anonymous_1)
FNDA:0,(anonymous_2)
FNDA:0,(anonymous_3)
FNDA:0,(anonymous_4)
FNDA:0,(anonymous_5)
FNDA:0,(anonymous_6)
FNDA:0,(anonymous_7)
FNDA:0,(anonymous_8)
FNDA:0,(anonymous_9)
FNDA:0,(anonymous_10)
FNDA:0,(anonymous_11)
FNDA:0,(anonymous_12)
FNDA:0,(anonymous_13)
FNDA:0,(anonymous_14)
FNDA:0,(anonymous_15)
FNDA:0,(anonymous_16)
FNDA:0,(anonymous_17)
FNDA:0,(anonymous_18)
FNDA:0,(anonymous_19)
FNDA:0,(anonymous_20)
FNDA:0,(anonymous_21)
FNDA:0,(anonymous_22)
FNDA:0,(anonymous_23)
FNDA:0,(anonymous_24)
FNDA:0,(anonymous_25)
FNDA:0,(anonymous_26)
FNDA:0,(anonymous_27)
FNDA:0,(anonymous_28)
FNDA:0,(anonymous_29)
FNDA:0,(anonymous_30)
FNDA:0,(anonymous_31)
FNDA:0,(anonymous_32)
FNDA:0,(anonymous_33)
FNDA:0,(anonymous_34)
FNDA:0,(anonymous_35)
FNDA:0,(anonymous_36)
FNDA:0,(anonymous_37)
FNDA:0,(anonymous_38)
FNDA:0,(anonymous_39)
FNDA:0,(anonymous_40)
FNDA:0,(anonymous_41)
FNDA:0,(anonymous_42)
FNDA:0,(anonymous_43)
FNDA:0,(anonymous_44)
FNDA:0,(anonymous_45)
FNDA:0,(anonymous_46)
DA:7,0
DA:8,0
DA:13,0
DA:14,0
DA:15,0
DA:16,0
DA:22,0
DA:24,0
DA:30,0
DA:31,0
DA:41,0
DA:42,0
DA:43,0
DA:44,0
DA:49,0
DA:50,0
DA:53,0
DA:54,0
DA:57,0
DA:58,0
DA:61,0
DA:62,0
DA:66,0
DA:67,0
DA:70,0
DA:77,0
DA:78,0
DA:88,0
DA:89,0
DA:90,0
DA:91,0
DA:96,0
DA:97,0
DA:99,0
DA:100,0
DA:106,0
DA:112,0
DA:113,0
DA:123,0
DA:124,0
DA:125,0
DA:126,0
DA:142,0
DA:145,0
DA:146,0
DA:153,0
DA:154,0
DA:161,0
DA:162,0
DA:168,0
DA:181,0
DA:183,0
DA:190,0
DA:191,0
DA:201,0
DA:202,0
DA:203,0
DA:204,0
DA:209,0
DA:210,0
DA:212,0
DA:213,0
DA:219,0
DA:225,0
DA:226,0
DA:236,0
DA:237,0
DA:238,0
DA:239,0
DA:244,0
DA:245,0
DA:247,0
DA:254,0
DA:255,0
DA:256,0
DA:266,0
DA:267,0
DA:268,0
DA:269,0
DA:274,0
DA:275,0
DA:277,0
DA:278,0
DA:284,0
DA:286,0
DA:293,0
DA:294,0
DA:304,0
DA:305,0
DA:306,0
DA:307,0
DA:312,0
DA:313,0
DA:315,0
DA:316,0
DA:322,0
DA:328,0
DA:329,0
DA:339,0
DA:340,0
DA:341,0
DA:342,0
DA:347,0
DA:348,0
DA:351,0
DA:352,0
DA:353,0
DA:355,0
DA:362,0
DA:363,0
DA:373,0
DA:374,0
DA:375,0
DA:376,0
DA:381,0
DA:383,0
DA:390,0
DA:391,0
DA:401,0
DA:402,0
DA:403,0
DA:404,0
DA:409,0
DA:410,0
DA:419,0
DA:426,0
DA:427,0
DA:437,0
DA:438,0
DA:439,0
DA:440,0
DA:445,0
DA:446,0
DA:448,0
DA:449,0
DA:455,0
DA:456,0
DA:457,0
DA:458,0
DA:467,0
DA:474,0
DA:475,0
DA:485,0
DA:486,0
DA:487,0
DA:488,0
DA:493,0
DA:494,0
DA:496,0
DA:514,0
DA:520,0
DA:521,0
DA:531,0
DA:532,0
DA:533,0
DA:534,0
DA:539,0
DA:540,0
DA:542,0
DA:543,0
DA:549,0
DA:550,0
DA:551,0
DA:553,0
DA:560,0
DA:561,0
DA:571,0
DA:572,0
DA:573,0
DA:574,0
DA:589,0
DA:591,0
DA:594,0
DA:595,0
DA:596,0
DA:597,0
DA:602,0
DA:603,0
DA:606,0
DA:607,0
DA:610,0
DA:611,0
DA:614,0
DA:615,0
DA:618,0
DA:619,0
DA:620,0
DA:624,0
DA:625,0
DA:626,0
DA:631,0
DA:632,0
DA:633,0
DA:636,0
DA:644,0
DA:645,0
DA:655,0
DA:656,0
DA:657,0
DA:658,0
DA:660,0
DA:661,0
DA:662,0
DA:665,0
DA:675,0
DA:676,0
DA:686,0
DA:687,0
DA:688,0
DA:689,0
DA:695,0
DA:703,0
DA:704,0
DA:705,0
DA:709,0
DA:714,0
DA:717,0
DA:718,0
DA:719,0
DA:720,0
DA:721,0
DA:722,0
DA:723,0
DA:724,0
DA:725,0
DA:726,0
DA:727,0
DA:731,0
DA:732,0
DA:736,0
DA:738,0
DA:739,0
DA:744,0
DA:745,0
DA:752,0
LF:235
LH:0
BRDA:15,0,0,0
BRDA:15,0,1,0
BRDA:43,1,0,0
BRDA:43,1,1,0
BRDA:53,2,0,0
BRDA:53,2,1,0
BRDA:57,3,0,0
BRDA:57,3,1,0
BRDA:61,4,0,0
BRDA:61,4,1,0
BRDA:66,5,0,0
BRDA:66,5,1,0
BRDA:66,6,0,0
BRDA:66,6,1,0
BRDA:90,7,0,0
BRDA:90,7,1,0
BRDA:99,8,0,0
BRDA:99,8,1,0
BRDA:125,9,0,0
BRDA:125,9,1,0
BRDA:145,10,0,0
BRDA:145,10,1,0
BRDA:145,11,0,0
BRDA:145,11,1,0
BRDA:145,11,2,0
BRDA:153,12,0,0
BRDA:153,12,1,0
BRDA:153,13,0,0
BRDA:153,13,1,0
BRDA:153,13,2,0
BRDA:161,14,0,0
BRDA:161,14,1,0
BRDA:161,15,0,0
BRDA:161,15,1,0
BRDA:170,16,0,0
BRDA:170,16,1,0
BRDA:173,17,0,0
BRDA:173,17,1,0
BRDA:174,18,0,0
BRDA:174,18,1,0
BRDA:175,19,0,0
BRDA:175,19,1,0
BRDA:176,20,0,0
BRDA:176,20,1,0
BRDA:177,21,0,0
BRDA:177,21,1,0
BRDA:178,22,0,0
BRDA:178,22,1,0
BRDA:203,23,0,0
BRDA:203,23,1,0
BRDA:212,24,0,0
BRDA:212,24,1,0
BRDA:238,25,0,0
BRDA:238,25,1,0
BRDA:255,26,0,0
BRDA:255,26,1,0
BRDA:268,27,0,0
BRDA:268,27,1,0
BRDA:277,28,0,0
BRDA:277,28,1,0
BRDA:306,29,0,0
BRDA:306,29,1,0
BRDA:315,30,0,0
BRDA:315,30,1,0
BRDA:341,31,0,0
BRDA:341,31,1,0
BRDA:375,32,0,0
BRDA:375,32,1,0
BRDA:403,33,0,0
BRDA:403,33,1,0
BRDA:439,34,0,0
BRDA:439,34,1,0
BRDA:448,35,0,0
BRDA:448,35,1,0
BRDA:457,36,0,0
BRDA:457,36,1,0
BRDA:487,37,0,0
BRDA:487,37,1,0
BRDA:503,38,0,0
BRDA:503,38,1,0
BRDA:533,39,0,0
BRDA:533,39,1,0
BRDA:542,40,0,0
BRDA:542,40,1,0
BRDA:573,41,0,0
BRDA:573,41,1,0
BRDA:588,42,0,0
BRDA:594,43,0,0
BRDA:594,43,1,0
BRDA:597,44,0,0
BRDA:597,44,1,0
BRDA:602,45,0,0
BRDA:602,45,1,0
BRDA:603,46,0,0
BRDA:603,46,1,0
BRDA:606,47,0,0
BRDA:606,47,1,0
BRDA:610,48,0,0
BRDA:610,48,1,0
BRDA:614,49,0,0
BRDA:614,49,1,0
BRDA:618,50,0,0
BRDA:618,50,1,0
BRDA:618,51,0,0
BRDA:618,51,1,0
BRDA:620,52,0,0
BRDA:620,52,1,0
BRDA:624,53,0,0
BRDA:624,53,1,0
BRDA:626,54,0,0
BRDA:626,54,1,0
BRDA:632,55,0,0
BRDA:632,55,1,0
BRDA:632,56,0,0
BRDA:632,56,1,0
BRDA:658,57,0,0
BRDA:658,57,1,0
BRDA:661,58,0,0
BRDA:661,58,1,0
BRDA:688,59,0,0
BRDA:688,59,1,0
BRF:121
BRH:0
end_of_record
TN:
SF:server/services/advancedMonetizationEngine.js
FN:8,(anonymous_0)
FN:55,(anonymous_1)
FN:64,(anonymous_2)
FN:130,(anonymous_3)
FN:187,(anonymous_4)
FN:272,(anonymous_5)
FN:336,(anonymous_6)
FN:394,(anonymous_7)
FN:493,(anonymous_8)
FN:495,(anonymous_9)
FN:527,(anonymous_10)
FN:544,(anonymous_11)
FN:546,(anonymous_12)
FN:570,(anonymous_13)
FN:572,(anonymous_14)
FN:595,(anonymous_15)
FN:597,(anonymous_16)
FN:622,(anonymous_17)
FN:636,(anonymous_18)
FN:674,(anonymous_19)
FN:709,(anonymous_20)
FN:714,(anonymous_21)
FN:726,(anonymous_22)
FN:746,(anonymous_23)
FN:761,(anonymous_24)
FN:768,(anonymous_25)
FN:782,(anonymous_26)
FN:787,(anonymous_27)
FN:794,(anonymous_28)
FN:795,(anonymous_29)
FN:796,(anonymous_30)
FN:797,(anonymous_31)
FN:798,(anonymous_32)
FN:799,(anonymous_33)
FN:800,(anonymous_34)
FN:801,(anonymous_35)
FN:802,(anonymous_36)
FNF:37
FNH:0
FNDA:0,(anonymous_0)
FNDA:0,(anonymous_1)
FNDA:0,(anonymous_2)
FNDA:0,(anonymous_3)
FNDA:0,(anonymous_4)
FNDA:0,(anonymous_5)
FNDA:0,(anonymous_6)
FNDA:0,(anonymous_7)
FNDA:0,(anonymous_8)
FNDA:0,(anonymous_9)
FNDA:0,(anonymous_10)
FNDA:0,(anonymous_11)
FNDA:0,(anonymous_12)
FNDA:0,(anonymous_13)
FNDA:0,(anonymous_14)
FNDA:0,(anonymous_15)
FNDA:0,(anonymous_16)
FNDA:0,(anonymous_17)
FNDA:0,(anonymous_18)
FNDA:0,(anonymous_19)
FNDA:0,(anonymous_20)
FNDA:0,(anonymous_21)
FNDA:0,(anonymous_22)
FNDA:0,(anonymous_23)
FNDA:0,(anonymous_24)
FNDA:0,(anonymous_25)
FNDA:0,(anonymous_26)
FNDA:0,(anonymous_27)
FNDA:0,(anonymous_28)
FNDA:0,(anonymous_29)
FNDA:0,(anonymous_30)
FNDA:0,(anonymous_31)
FNDA:0,(anonymous_32)
FNDA:0,(anonymous_33)
FNDA:0,(anonymous_34)
FNDA:0,(anonymous_35)
FNDA:0,(anonymous_36)
DA:10,0
DA:11,0
DA:12,0
DA:13,0
DA:14,0
DA:15,0
DA:16,0
DA:19,0
DA:28,0
DA:37,0
DA:52,0
DA:56,0
DA:57,0
DA:58,0
DA:59,0
DA:65,0
DA:67,0
DA:124,0
DA:125,0
DA:127,0
DA:131,0
DA:133,0
DA:179,0
DA:180,0
DA:182,0
DA:188,0
DA:190,0
DA:264,0
DA:265,0
DA:267,0
DA:273,0
DA:275,0
DA:330,0
DA:331,0
DA:333,0
DA:337,0
DA:338,0
DA:340,0
DA:342,0
DA:386,0
DA:387,0
DA:389,0
DA:395,0
DA:397,0
DA:485,0
DA:486,0
DA:488,0
DA:494,0
DA:502,0
DA:509,0
DA:524,0
DA:528,0
DA:545,0
DA:553,0
DA:571,0
DA:573,0
DA:596,0
DA:598,0
DA:599,0
DA:601,0
DA:623,0
DA:630,0
DA:631,0
DA:633,0
DA:637,0
DA:638,0
DA:639,0
DA:643,0
DA:669,0
DA:676,0
DA:679,0
DA:680,0
DA:681,0
DA:686,0
DA:687,0
DA:688,0
DA:693,0
DA:694,0
DA:695,0
DA:700,0
DA:701,0
DA:702,0
DA:706,0
DA:710,0
DA:711,0
DA:717,0
DA:727,0
DA:728,0
DA:743,0
DA:748,0
DA:749,0
DA:750,0
DA:752,0
DA:763,0
DA:764,0
DA:765,0
DA:769,0
DA:770,0
DA:779,0
DA:784,0
DA:789,0
DA:794,0
DA:795,0
DA:796,0
DA:797,0
DA:798,0
DA:799,0
DA:800,0
DA:801,0
DA:802,0
LF:110
LH:0
BRDA:70,0,0,0
BRDA:70,0,1,0
BRDA:71,1,0,0
BRDA:71,1,1,0
BRDA:73,2,0,0
BRDA:73,2,1,0
BRDA:74,3,0,0
BRDA:74,3,1,0
BRDA:75,4,0,0
BRDA:75,4,1,0
BRDA:76,5,0,0
BRDA:76,5,1,0
BRDA:82,6,0,0
BRDA:82,6,1,0
BRDA:97,7,0,0
BRDA:97,7,1,0
BRDA:98,8,0,0
BRDA:98,8,1,0
BRDA:99,9,0,0
BRDA:99,9,1,0
BRDA:102,10,0,0
BRDA:102,10,1,0
BRDA:103,11,0,0
BRDA:103,11,1,0
BRDA:104,12,0,0
BRDA:104,12,1,0
BRDA:114,13,0,0
BRDA:114,13,1,0
BRDA:115,14,0,0
BRDA:115,14,1,0
BRDA:116,15,0,0
BRDA:116,15,1,0
BRDA:117,16,0,0
BRDA:117,16,1,0
BRDA:138,17,0,0
BRDA:138,17,1,0
BRDA:142,18,0,0
BRDA:142,18,1,0
BRDA:143,19,0,0
BRDA:143,19,1,0
BRDA:144,20,0,0
BRDA:144,20,1,0
BRDA:145,21,0,0
BRDA:145,21,1,0
BRDA:148,22,0,0
BRDA:148,22,1,0
BRDA:149,23,0,0
BRDA:149,23,1,0
BRDA:150,24,0,0
BRDA:150,24,1,0
BRDA:151,25,0,0
BRDA:151,25,1,0
BRDA:152,26,0,0
BRDA:152,26,1,0
BRDA:156,27,0,0
BRDA:156,27,1,0
BRDA:157,28,0,0
BRDA:157,28,1,0
BRDA:167,29,0,0
BRDA:167,29,1,0
BRDA:168,30,0,0
BRDA:168,30,1,0
BRDA:170,31,0,0
BRDA:170,31,1,0
BRDA:172,32,0,0
BRDA:172,32,1,0
BRDA:195,33,0,0
BRDA:195,33,1,0
BRDA:196,34,0,0
BRDA:196,34,1,0
BRDA:197,35,0,0
BRDA:197,35,1,0
BRDA:198,36,0,0
BRDA:198,36,1,0
BRDA:203,37,0,0
BRDA:203,37,1,0
BRDA:204,38,0,0
BRDA:204,38,1,0
BRDA:207,39,0,0
BRDA:207,39,1,0
BRDA:208,40,0,0
BRDA:208,40,1,0
BRDA:212,41,0,0
BRDA:212,41,1,0
BRDA:213,42,0,0
BRDA:213,42,1,0
BRDA:214,43,0,0
BRDA:214,43,1,0
BRDA:217,44,0,0
BRDA:217,44,1,0
BRDA:243,45,0,0
BRDA:243,45,1,0
BRDA:244,46,0,0
BRDA:244,46,1,0
BRDA:251,47,0,0
BRDA:251,47,1,0
BRDA:252,48,0,0
BRDA:252,48,1,0
BRDA:278,49,0,0
BRDA:278,49,1,0
BRDA:279,50,0,0
BRDA:279,50,1,0
BRDA:281,51,0,0
BRDA:281,51,1,0
BRDA:282,52,0,0
BRDA:282,52,1,0
BRDA:283,53,0,0
BRDA:283,53,1,0
BRDA:288,54,0,0
BRDA:288,54,1,0
BRDA:291,55,0,0
BRDA:291,55,1,0
BRDA:299,56,0,0
BRDA:299,56,1,0
BRDA:300,57,0,0
BRDA:300,57,1,0
BRDA:301,58,0,0
BRDA:301,58,1,0
BRDA:302,59,0,0
BRDA:302,59,1,0
BRDA:338,60,0,0
BRDA:338,60,1,0
BRDA:346,61,0,0
BRDA:346,61,1,0
BRDA:347,62,0,0
BRDA:347,62,1,0
BRDA:348,63,0,0
BRDA:348,63,1,0
BRDA:350,64,0,0
BRDA:350,64,1,0
BRDA:351,65,0,0
BRDA:351,65,1,0
BRDA:352,66,0,0
BRDA:352,66,1,0
BRDA:353,67,0,0
BRDA:353,67,1,0
BRDA:356,68,0,0
BRDA:356,68,1,0
BRDA:357,69,0,0
BRDA:357,69,1,0
BRDA:358,70,0,0
BRDA:358,70,1,0
BRDA:360,71,0,0
BRDA:360,71,1,0
BRDA:362,72,0,0
BRDA:362,72,1,0
BRDA:363,73,0,0
BRDA:363,73,1,0
BRDA:366,74,0,0
BRDA:366,74,1,0
BRDA:367,75,0,0
BRDA:367,75,1,0
BRDA:368,76,0,0
BRDA:368,76,1,0
BRDA:378,77,0,0
BRDA:378,77,1,0
BRDA:379,78,0,0
BRDA:379,78,1,0
BRDA:401,79,0,0
BRDA:401,79,1,0
BRDA:447,80,0,0
BRDA:447,80,1,0
BRDA:448,81,0,0
BRDA:448,81,1,0
BRDA:452,82,0,0
BRDA:452,82,1,0
BRDA:453,83,0,0
BRDA:453,83,1,0
BRDA:462,84,0,0
BRDA:462,84,1,0
BRDA:466,85,0,0
BRDA:466,85,1,0
BRDA:467,86,0,0
BRDA:467,86,1,0
BRDA:470,87,0,0
BRDA:470,87,1,0
BRDA:471,88,0,0
BRDA:471,88,1,0
BRDA:598,89,0,0
BRDA:598,89,1,0
BRDA:623,90,0,0
BRDA:623,90,1,0
BRDA:638,91,0,0
BRDA:638,91,1,0
BRDA:680,92,0,0
BRDA:680,92,1,0
BRDA:687,93,0,0
BRDA:687,93,1,0
BRDA:694,94,0,0
BRDA:694,94,1,0
BRDA:701,95,0,0
BRDA:701,95,1,0
BRDA:743,96,0,0
BRDA:743,96,1,0
BRDA:750,97,0,0
BRDA:750,97,1,0
BRDA:763,98,0,0
BRDA:763,98,1,0
BRDA:764,99,0,0
BRDA:764,99,1,0
BRDA:779,100,0,0
BRDA:779,100,1,0
BRF:202
BRH:0
end_of_record
TN:
SF:server/services/advancedSecurityEngine.js
FN:8,(anonymous_0)
FN:31,(anonymous_1)
FN:61,(anonymous_2)
FN:75,(anonymous_3)
FN:90,(anonymous_4)
FN:105,(anonymous_5)
FN:124,(anonymous_6)
FN:159,(anonymous_7)
FN:172,(anonymous_8)
FN:182,(anonymous_9)
FN:201,(anonymous_10)
FN:207,(anonymous_11)
FN:208,(anonymous_12)
FN:218,(anonymous_13)
FN:253,(anonymous_14)
FN:266,(anonymous_15)
FN:281,(anonymous_16)
FN:299,(anonymous_17)
FN:326,(anonymous_18)
FN:363,(anonymous_19)
FN:375,(anonymous_20)
FN:382,(anonymous_21)
FN:396,(anonymous_22)
FN:412,(anonymous_23)
FN:426,(anonymous_24)
FN:445,(anonymous_25)
FN:478,(anonymous_26)
FN:494,(anonymous_27)
FN:515,(anonymous_28)
FN:537,(anonymous_29)
FN:551,(anonymous_30)
FN:568,(anonymous_31)
FN:580,(anonymous_32)
FN:595,(anonymous_33)
FN:603,(anonymous_34)
FN:607,(anonymous_35)
FN:617,(anonymous_36)
FN:643,(anonymous_37)
FN:656,(anonymous_38)
FN:674,(anonymous_39)
FN:675,(anonymous_40)
FN:684,(anonymous_41)
FN:694,(anonymous_42)
FN:704,(anonymous_43)
FN:706,(anonymous_44)
FN:707,(anonymous_45)
FN:715,(anonymous_46)
FN:717,(anonymous_47)
FN:720,(anonymous_48)
FN:722,(anonymous_49)
FN:730,(anonymous_50)
FN:742,(anonymous_51)
FN:768,(anonymous_52)
FN:781,(anonymous_53)
FN:799,(anonymous_54)
FN:838,(anonymous_55)
FN:849,(anonymous_56)
FN:855,(anonymous_57)
FN:863,(anonymous_58)
FN:894,(anonymous_59)
FN:904,(anonymous_60)
FN:906,(anonymous_61)
FN:910,(anonymous_62)
FN:912,(anonymous_63)
FN:918,(anonymous_64)
FN:944,(anonymous_65)
FN:967,(anonymous_66)
FN:972,(anonymous_67)
FN:976,(anonymous_68)
FN:986,(anonymous_69)
FN:990,(anonymous_70)
FN:994,(anonymous_71)
FNF:72
FNH:0
FNDA:0,(anonymous_0)
FNDA:0,(anonymous_1)
FNDA:0,(anonymous_2)
FNDA:0,(anonymous_3)
FNDA:0,(anonymous_4)
FNDA:0,(anonymous_5)
FNDA:0,(anonymous_6)
FNDA:0,(anonymous_7)
FNDA:0,(anonymous_8)
FNDA:0,(anonymous_9)
FNDA:0,(anonymous_10)
FNDA:0,(anonymous_11)
FNDA:0,(anonymous_12)
FNDA:0,(anonymous_13)
FNDA:0,(anonymous_14)
FNDA:0,(anonymous_15)
FNDA:0,(anonymous_16)
FNDA:0,(anonymous_17)
FNDA:0,(anonymous_18)
FNDA:0,(anonymous_19)
FNDA:0,(anonymous_20)
FNDA:0,(anonymous_21)
FNDA:0,(anonymous_22)
FNDA:0,(anonymous_23)
FNDA:0,(anonymous_24)
FNDA:0,(anonymous_25)
FNDA:0,(anonymous_26)
FNDA:0,(anonymous_27)
FNDA:0,(anonymous_28)
FNDA:0,(anonymous_29)
FNDA:0,(anonymous_30)
FNDA:0,(anonymous_31)
FNDA:0,(anonymous_32)
FNDA:0,(anonymous_33)
FNDA:0,(anonymous_34)
FNDA:0,(anonymous_35)
FNDA:0,(anonymous_36)
FNDA:0,(anonymous_37)
FNDA:0,(anonymous_38)
FNDA:0,(anonymous_39)
FNDA:0,(anonymous_40)
FNDA:0,(anonymous_41)
FNDA:0,(anonymous_42)
FNDA:0,(anonymous_43)
FNDA:0,(anonymous_44)
FNDA:0,(anonymous_45)
FNDA:0,(anonymous_46)
FNDA:0,(anonymous_47)
FNDA:0,(anonymous_48)
FNDA:0,(anonymous_49)
FNDA:0,(anonymous_50)
FNDA:0,(anonymous_51)
FNDA:0,(anonymous_52)
FNDA:0,(anonymous_53)
FNDA:0,(anonymous_54)
FNDA:0,(anonymous_55)
FNDA:0,(anonymous_56)
FNDA:0,(anonymous_57)
FNDA:0,(anonymous_58)
FNDA:0,(anonymous_59)
FNDA:0,(anonymous_60)
FNDA:0,(anonymous_61)
FNDA:0,(anonymous_62)
FNDA:0,(anonymous_63)
FNDA:0,(anonymous_64)
FNDA:0,(anonymous_65)
FNDA:0,(anonymous_66)
FNDA:0,(anonymous_67)
FNDA:0,(anonymous_68)
FNDA:0,(anonymous_69)
FNDA:0,(anonymous_70)
FNDA:0,(anonymous_71)
DA:9,0
DA:10,0
DA:11,0
DA:12,0
DA:13,0
DA:14,0
DA:15,0
DA:16,0
DA:17,0
DA:18,0
DA:21,0
DA:24,0
DA:26,0
DA:32,0
DA:51,0
DA:52,0
DA:53,0
DA:55,0
DA:57,0
DA:58,0
DA:63,0
DA:74,0
DA:75,0
DA:76,0
DA:80,0
DA:91,0
DA:92,0
DA:95,0
DA:104,0
DA:105,0
DA:106,0
DA:110,0
DA:111,0
DA:113,0
DA:114,0
DA:125,0
DA:151,0
DA:153,0
DA:155,0
DA:156,0
DA:160,0
DA:171,0
DA:172,0
DA:173,0
DA:176,0
DA:177,0
DA:178,0
DA:179,0
DA:183,0
DA:184,0
DA:187,0
DA:197,0
DA:198,0
DA:203,0
DA:207,0
DA:208,0
DA:212,0
DA:213,0
DA:219,0
DA:243,0
[...]
FNDA:0,(anonymous_24)
FNDA:0,(anonymous_25)
FNDA:0,(anonymous_26)
FNDA:0,(anonymous_27)
FNDA:0,(anonymous_28)
FNDA:0,(anonymous_29)
FNDA:0,(anonymous_30)
FNDA:0,(anonymous_31)
FNDA:0,(anonymous_32)
FNDA:0,(anonymous_33)
FNDA:0,(anonymous_34)
FNDA:0,(anonymous_35)
FNDA:0,(anonymous_36)
FNDA:0,(anonymous_37)
FNDA:0,(anonymous_38)
FNDA:0,(anonymous_39)
FNDA:0,(anonymous_40)
FNDA:0,(anonymous_41)
FNDA:0,(anonymous_42)
FNDA:0,(anonymous_43)
DA:7,0
DA:8,0
DA:9,0
DA:13,0
DA:14,0
DA:15,0
DA:16,0
DA:19,0
DA:20,0
DA:21,0
DA:22,0
DA:25,0
DA:26,0
DA:27,0
DA:28,0
DA:31,0
DA:43,0
DA:55,0
DA:56,0
DA:63,0
DA:64,0
DA:67,0
DA:70,0
DA:73,0
DA:76,0
DA:78,0
DA:79,0
DA:81,0
DA:84,0
DA:85,0
DA:93,0
DA:95,0
DA:96,0
DA:97,0
DA:105,0
DA:106,0
DA:107,0
DA:109,0
DA:110,0
DA:125,0
DA:127,0
DA:135,0
DA:147,0
DA:149,0
DA:150,0
DA:152,0
DA:178,0
DA:181,0
DA:182,0
DA:184,0
DA:187,0
DA:190,0
DA:193,0
DA:195,0
DA:196,0
DA:198,0
DA:200,0
DA:201,0
DA:209,0
DA:210,0
DA:212,0
DA:222,0
DA:229,0
DA:244,0
DA:247,0
DA:248,0
DA:249,0
DA:258,0
DA:259,0
DA:262,0
DA:263,0
DA:266,0
DA:273,0
DA:274,0
DA:276,0
DA:277,0
DA:280,0
DA:283,0
DA:284,0
DA:286,0
DA:287,0
DA:294,0
DA:295,0
DA:297,0
DA:300,0
DA:301,0
DA:302,0
DA:303,0
DA:305,0
DA:306,0
DA:310,0
DA:312,0
DA:313,0
DA:314,0
DA:317,0
DA:318,0
DA:319,0
DA:320,0
DA:321,0
DA:322,0
DA:326,0
DA:327,0
DA:329,0
DA:330,0
DA:331,0
DA:332,0
DA:333,0
DA:337,0
DA:338,0
DA:339,0
DA:341,0
DA:342,0
DA:343,0
DA:346,0
DA:347,0
DA:356,0
DA:359,0
DA:362,0
DA:363,0
DA:364,0
DA:365,0
DA:366,0
DA:367,0
DA:370,0
DA:371,0
DA:373,0
DA:374,0
DA:375,0
DA:376,0
DA:377,0
DA:378,0
DA:382,0
DA:384,0
DA:385,0
DA:387,0
DA:388,0
DA:389,0
DA:392,0
DA:393,0
DA:409,0
DA:410,0
DA:421,0
DA:422,0
DA:424,0
DA:432,0
DA:433,0
DA:434,0
DA:435,0
DA:436,0
DA:438,0
DA:451,0
DA:452,0
DA:454,0
DA:455,0
DA:458,0
DA:460,0
DA:461,0
DA:465,0
DA:466,0
DA:467,0
DA:468,0
DA:469,0
DA:472,0
DA:476,0
DA:484,0
DA:485,0
DA:488,0
DA:489,0
DA:490,0
DA:493,0
DA:494,0
DA:502,0
DA:503,0
DA:504,0
DA:505,0
DA:508,0
DA:510,0
DA:517,0
DA:518,0
DA:521,0
DA:522,0
DA:525,0
DA:532,0
DA:534,0
DA:535,0
DA:537,0
DA:538,0
DA:539,0
DA:541,0
DA:542,0
DA:546,0
DA:548,0
DA:556,0
DA:559,0
DA:560,0
DA:563,0
DA:564,0
DA:572,0
DA:574,0
DA:575,0
DA:576,0
DA:577,0
DA:580,0
DA:581,0
DA:594,0
DA:606,0
DA:608,0
DA:609,0
DA:611,0
DA:622,0
DA:624,0
DA:625,0
DA:626,0
DA:630,0
DA:637,0
DA:638,0
DA:641,0
DA:642,0
DA:644,0
DA:645,0
DA:648,0
DA:649,0
DA:656,0
DA:657,0
DA:660,0
DA:667,0
DA:668,0
DA:669,0
DA:670,0
DA:671,0
DA:673,0
DA:674,0
DA:675,0
DA:676,0
DA:677,0
DA:680,0
DA:681,0
DA:682,0
DA:685,0
DA:686,0
DA:687,0
DA:691,0
DA:692,0
DA:693,0
DA:694,0
DA:695,0
DA:702,0
DA:713,0
DA:720,0
DA:721,0
DA:722,0
DA:729,0
DA:736,0
DA:738,0
DA:749,0
DA:750,0
DA:751,0
DA:759,0
DA:766,0
DA:767,0
DA:768,0
DA:770,0
DA:771,0
DA:772,0
DA:773,0
DA:774,0
DA:777,0
DA:778,0
DA:781,0
DA:782,0
DA:784,0
DA:785,0
DA:786,0
DA:789,0
DA:792,0
DA:793,0
DA:794,0
DA:798,0
DA:805,0
DA:806,0
DA:807,0
DA:808,0
DA:810,0
DA:817,0
DA:818,0
DA:820,0
DA:821,0
DA:822,0
DA:823,0
DA:826,0
DA:827,0
DA:828,0
DA:829,0
DA:833,0
DA:834,0
DA:836,0
DA:838,0
DA:845,0
DA:847,0
DA:850,0
DA:851,0
DA:854,0
DA:855,0
DA:858,0
DA:859,0
DA:863,0
LF:306
LH:0
BRDA:84,0,0,0
BRDA:84,0,1,0
BRDA:106,1,0,0
BRDA:106,1,1,0
BRDA:107,2,0,0
BRDA:107,2,1,0
BRDA:112,3,0,0
BRDA:112,3,1,0
BRDA:113,4,0,0
BRDA:113,4,1,0
BRDA:114,5,0,0
BRDA:114,5,1,0
BRDA:115,6,0,0
BRDA:115,6,1,0
BRDA:116,7,0,0
BRDA:116,7,1,0
BRDA:117,8,0,0
BRDA:117,8,1,0
BRDA:118,9,0,0
BRDA:118,9,1,0
BRDA:119,10,0,0
BRDA:119,10,1,0
BRDA:120,11,0,0
BRDA:120,11,1,0
BRDA:138,12,0,0
BRDA:139,13,0,0
BRDA:140,14,0,0
BRDA:141,15,0,0
BRDA:142,16,0,0
BRDA:143,17,0,0
BRDA:144,18,0,0
BRDA:145,19,0,0
BRDA:146,20,0,0
BRDA:181,21,0,0
BRDA:181,21,1,0
BRDA:210,22,0,0
BRDA:210,22,1,0
BRDA:215,23,0,0
BRDA:215,23,1,0
BRDA:217,24,0,0
BRDA:217,24,1,0
BRDA:219,25,0,0
BRDA:219,25,1,0
BRDA:248,26,0,0
BRDA:248,26,1,0
BRDA:258,27,0,0
BRDA:258,27,1,0
BRDA:295,28,0,0
BRDA:295,28,1,0
BRDA:300,29,0,0
BRDA:300,29,1,0
BRDA:302,30,0,0
BRDA:302,30,1,0
BRDA:329,31,0,0
BRDA:329,31,1,0
BRDA:329,32,0,0
BRDA:329,32,1,0
BRDA:341,33,0,0
BRDA:341,33,1,0
BRDA:346,34,0,0
BRDA:346,34,1,0
BRDA:373,35,0,0
BRDA:373,35,1,0
BRDA:384,36,0,0
BRDA:384,36,1,0
BRDA:387,37,0,0
BRDA:387,37,1,0
BRDA:392,38,0,0
BRDA:392,38,1,0
BRDA:409,39,0,0
BRDA:409,39,1,0
BRDA:436,40,0,0
BRDA:436,40,1,0
BRDA:440,41,0,0
BRDA:440,41,1,0
BRDA:440,42,0,0
BRDA:440,42,1,0
BRDA:460,43,0,0
BRDA:460,43,1,0
BRDA:465,44,0,0
BRDA:465,44,1,0
BRDA:468,45,0,0
BRDA:468,45,1,0
BRDA:502,46,0,0
BRDA:502,46,1,0
BRDA:502,47,0,0
BRDA:502,47,1,0
BRDA:504,48,0,0
BRDA:504,48,1,0
BRDA:517,49,0,0
BRDA:517,49,1,0
BRDA:538,50,0,0
BRDA:538,50,1,0
BRDA:538,51,0,0
BRDA:538,51,1,0
BRDA:576,52,0,0
BRDA:576,52,1,0
BRDA:576,53,0,0
BRDA:576,53,1,0
BRDA:580,54,0,0
BRDA:580,54,1,0
BRDA:625,55,0,0
BRDA:625,55,1,0
BRDA:636,56,0,0
BRDA:637,57,0,0
BRDA:637,57,1,0
BRDA:644,58,0,0
BRDA:644,58,1,0
BRDA:648,59,0,0
BRDA:648,59,1,0
BRDA:674,60,0,0
BRDA:674,60,1,0
BRDA:676,61,0,0
BRDA:676,61,1,0
BRDA:680,62,0,0
BRDA:680,62,1,0
BRDA:686,63,0,0
BRDA:686,63,1,0
BRDA:686,64,0,0
BRDA:686,64,1,0
BRDA:695,65,0,0
BRDA:695,65,1,0
BRDA:705,66,0,0
BRDA:705,66,1,0
BRDA:721,67,0,0
BRDA:721,67,1,0
BRDA:725,68,0,0
BRDA:725,68,1,0
BRDA:770,69,0,0
BRDA:771,70,0,0
BRDA:771,70,1,0
BRDA:777,71,0,0
BRDA:777,71,1,0
BRDA:784,72,0,0
BRDA:784,72,1,0
BRDA:793,73,0,0
BRDA:793,73,1,0
BRDA:806,74,0,0
BRDA:806,74,1,0
BRDA:818,75,0,0
BRDA:818,75,1,0
BRDA:826,76,0,0
BRDA:826,76,1,0
BRDA:828,77,0,0
BRDA:828,77,1,0
BRDA:850,78,0,0
BRDA:850,78,1,0
BRDA:854,79,0,0
BRDA:854,79,1,0
BRF:149
BRH:0
end_of_record
TN:
SF:server/services/serviceOrchestrationEngine.js
FN:8,(anonymous_0)
FN:50,(anonymous_1)
FN:68,(anonymous_2)
FN:98,(anonymous_3)
FN:109,(anonymous_4)
FN:110,(anonymous_5)
FN:125,(anonymous_6)
FN:141,(anonymous_7)
FN:176,(anonymous_8)
FN:274,(anonymous_9)
FN:342,(anonymous_10)
FN:354,(anonymous_11)
FN:355,(anonymous_12)
FN:369,(anonymous_13)
FN:394,(anonymous_14)
FN:395,(anonymous_15)
FN:401,(anonymous_16)
FN:421,(anonymous_17)
FN:468,(anonymous_18)
FN:496,(anonymous_19)
FN:515,(anonymous_20)
FN:531,(anonymous_21)
FN:532,(anonymous_22)
FN:540,(anonymous_23)
FN:543,(anonymous_24)
FN:547,(anonymous_25)
FN:548,(anonymous_26)
FN:588,(anonymous_27)
FN:607,(anonymous_28)
FN:617,(anonymous_29)
FN:618,(anonymous_30)
FN:619,(anonymous_31)
FN:621,(anonymous_32)
FN:639,(anonymous_33)
FN:642,(anonymous_34)
FN:667,(anonymous_35)
FN:680,(anonymous_36)
FN:692,(anonymous_37)
FN:693,(anonymous_38)
FN:705,(anonymous_39)
FN:706,(anonymous_40)
FN:712,(anonymous_41)
FNF:42
FNH:0
FNDA:0,(anonymous_0)
FNDA:0,(anonymous_1)
FNDA:0,(anonymous_2)
FNDA:0,(anonymous_3)
FNDA:0,(anonymous_4)
FNDA:0,(anonymous_5)
FNDA:0,(anonymous_6)
FNDA:0,(anonymous_7)
FNDA:0,(anonymous_8)
FNDA:0,(anonymous_9)
FNDA:0,(anonymous_10)
FNDA:0,(anonymous_11)
FNDA:0,(anonymous_12)
FNDA:0,(anonymous_13)
FNDA:0,(anonymous_14)
FNDA:0,(anonymous_15)
FNDA:0,(anonymous_16)
FNDA:0,(anonymous_17)
FNDA:0,(anonymous_18)
FNDA:0,(anonymous_19)
FNDA:0,(anonymous_20)
FNDA:0,(anonymous_21)
FNDA:0,(anonymous_22)
FNDA:0,(anonymous_23)
FNDA:0,(anonymous_24)
FNDA:0,(anonymous_25)
FNDA:0,(anonymous_26)
FNDA:0,(anonymous_27)
FNDA:0,(anonymous_28)
FNDA:0,(anonymous_29)
FNDA:0,(anonymous_30)
FNDA:0,(anonymous_31)
FNDA:0,(anonymous_32)
FNDA:0,(anonymous_33)
FNDA:0,(anonymous_34)
FNDA:0,(anonymous_35)
FNDA:0,(anonymous_36)
FNDA:0,(anonymous_37)
FNDA:0,(anonymous_38)
FNDA:0,(anonymous_39)
FNDA:0,(anonymous_40)
FNDA:0,(anonymous_41)
DA:9,0
DA:12,0
DA:13,0
DA:14,0
DA:15,0
DA:16,0
DA:19,0
DA:28,0
DA:37,0
DA:40,0
DA:42,0
DA:59,0
DA:61,0
DA:62,0
DA:65,0
DA:68,0
DA:79,0
DA:82,0
DA:89,0
DA:91,0
DA:92,0
DA:99,0
DA:100,0
DA:101,0
DA:103,0
DA:110,0
DA:134,0
DA:136,0
DA:137,0
DA:141,0
DA:142,0
DA:143,0
DA:147,0
DA:148,0
DA:152,0
DA:167,0
DA:169,0
DA:170,0
DA:177,0
DA:179,0
DA:180,0
DA:181,0
DA:182,0
DA:186,0
DA:187,0
DA:190,0
DA:205,0
DA:207,0
DA:209,0
DA:212,0
DA:215,0
DA:216,0
DA:217,0
DA:218,0
DA:219,0
DA:222,0
DA:223,0
DA:224,0
DA:228,0
DA:229,0
DA:231,0
DA:233,0
DA:235,0
DA:244,0
DA:246,0
DA:247,0
DA:248,0
DA:249,0
DA:250,0
DA:253,0
DA:254,0
DA:257,0
DA:260,0
DA:261,0
DA:262,0
DA:265,0
DA:267,0
DA:275,0
DA:277,0
DA:278,0
DA:279,0
DA:281,0
DA:283,0
DA:285,0
DA:286,0
DA:289,0
DA:291,0
DA:300,0
DA:301,0
DA:304,0
DA:305,0
DA:310,0
DA:311,0
DA:318,0
DA:321,0
DA:324,0
DA:325,0
DA:326,0
DA:327,0
DA:328,0
DA:329,0
DA:332,0
DA:336,0
DA:343,0
DA:344,0
DA:347,0
DA:349,0
DA:352,0
DA:355,0
DA:359,0
DA:361,0
DA:363,0
DA:370,0
DA:371,0
DA:374,0
DA:376,0
DA:377,0
DA:379,0
DA:380,0
DA:381,0
DA:382,0
DA:384,0
DA:388,0
DA:395,0
DA:402,0
DA:403,0
DA:407,0
DA:408,0
DA:409,0
DA:410,0
DA:412,0
DA:422,0
DA:424,0
DA:427,0
DA:428,0
DA:430,0
DA:431,0
DA:432,0
DA:433,0
DA:439,0
DA:445,0
DA:448,0
DA:449,0
DA:457,0
DA:458,0
DA:460,0
DA:469,0
DA:470,0
DA:472,0
DA:474,0
DA:476,0
DA:479,0
DA:480,0
DA:481,0
DA:483,0
DA:486,0
DA:489,0
DA:497,0
DA:498,0
DA:500,0
DA:501,0
DA:503,0
DA:504,0
DA:505,0
DA:506,0
DA:509,0
DA:516,0
DA:517,0
DA:519,0
DA:520,0
DA:521,0
DA:522,0
DA:532,0
DA:533,0
DA:541,0
DA:543,0
DA:544,0
DA:545,0
DA:548,0
DA:552,0
DA:554,0
DA:560,0
DA:561,0
DA:562,0
DA:563,0
DA:565,0
DA:566,0
DA:569,0
DA:572,0
DA:574,0
DA:580,0
DA:581,0
DA:583,0
DA:587,0
DA:588,0
DA:589,0
DA:592,0
DA:593,0
DA:595,0
DA:597,0
DA:608,0
DA:609,0
DA:618,0
DA:619,0
DA:620,0
DA:621,0
DA:622,0
DA:623,0
DA:624,0
DA:625,0
DA:627,0
DA:640,0
DA:642,0
DA:643,0
DA:645,0
DA:647,0
DA:649,0
DA:651,0
DA:653,0
DA:655,0
DA:657,0
DA:668,0
DA:680,0
DA:693,0
DA:706,0
DA:713,0
DA:716,0
DA:717,0
DA:718,0
DA:720,0
DA:721,0
DA:722,0
DA:724,0
DA:725,0
DA:726,0
DA:729,0
DA:730,0
DA:734,0
DA:735,0
LF:239
LH:0
BRDA:55,0,0,0
BRDA:56,1,0,0
BRDA:57,2,0,0
BRDA:58,3,0,0
BRDA:61,4,0,0
BRDA:61,4,1,0
BRDA:61,5,0,0
BRDA:61,5,1,0
BRDA:68,6,0,0
BRDA:68,6,1,0
BRDA:100,7,0,0
BRDA:100,7,1,0
BRDA:130,8,0,0
BRDA:131,9,0,0
BRDA:132,10,0,0
BRDA:133,11,0,0
BRDA:136,12,0,0
BRDA:136,12,1,0
BRDA:136,13,0,0
BRDA:136,13,1,0
BRDA:136,13,2,0
BRDA:142,14,0,0
BRDA:142,14,1,0
BRDA:142,15,0,0
BRDA:142,15,1,0
BRDA:147,16,0,0
BRDA:147,16,1,0
BRDA:176,17,0,0
BRDA:176,18,0,0
BRDA:181,19,0,0
BRDA:181,19,1,0
BRDA:186,20,0,0
BRDA:186,20,1,0
BRDA:247,21,0,0
BRDA:247,21,1,0
BRDA:253,22,0,0
BRDA:253,22,1,0
BRDA:261,23,0,0
BRDA:261,23,1,0
BRDA:285,24,0,0
BRDA:285,24,1,0
BRDA:300,25,0,0
BRDA:300,25,1,0
BRDA:304,26,0,0
BRDA:304,26,1,0
BRDA:304,27,0,0
BRDA:304,27,1,0
BRDA:310,28,0,0
BRDA:310,28,1,0
BRDA:310,29,0,0
BRDA:310,29,1,0
BRDA:313,30,0,0
BRDA:313,30,1,0
BRDA:324,31,0,0
BRDA:324,31,1,0
BRDA:344,32,0,0
BRDA:344,33,0,0
BRDA:370,34,0,0
BRDA:370,34,1,0
BRDA:370,35,0,0
BRDA:370,35,1,0
BRDA:377,36,0,0
BRDA:377,36,1,0
BRDA:377,37,0,0
BRDA:377,37,1,0
BRDA:377,37,2,0
BRDA:381,38,0,0
BRDA:381,38,1,0
BRDA:402,39,0,0
BRDA:402,39,1,0
BRDA:407,40,0,0
BRDA:407,40,1,0
BRDA:409,41,0,0
BRDA:409,41,1,0
BRDA:409,42,0,0
BRDA:409,42,1,0
BRDA:431,43,0,0
BRDA:431,43,1,0
BRDA:470,44,0,0
BRDA:470,44,1,0
BRDA:474,45,0,0
BRDA:474,45,1,0
BRDA:474,45,2,0
BRDA:474,45,3,0
BRDA:479,46,0,0
BRDA:479,46,1,0
BRDA:498,47,0,0
BRDA:498,47,1,0
BRDA:503,48,0,0
BRDA:503,48,1,0
BRDA:517,49,0,0
BRDA:517,49,1,0
BRDA:519,50,0,0
BRDA:519,50,1,0
BRDA:552,51,0,0
BRDA:552,51,1,0
BRDA:560,52,0,0
BRDA:560,52,1,0
BRDA:589,53,0,0
BRDA:589,53,1,0
BRDA:609,54,0,0
BRDA:609,54,1,0
BRDA:620,55,0,0
BRDA:620,55,1,0
BRDA:622,56,0,0
BRDA:622,56,1,0
BRDA:640,57,0,0
BRDA:640,57,1,0
BRDA:645,58,0,0
BRDA:645,58,1,0
BRDA:645,58,2,0
BRDA:645,58,3,0
BRDA:645,58,4,0
BRDA:645,58,5,0
BRDA:653,59,0,0
BRDA:653,59,1,0
BRDA:655,60,0,0
BRDA:655,60,1,0
BRDA:717,61,0,0
BRDA:717,61,1,0
BRDA:724,62,0,0
BRDA:724,62,1,0
BRDA:729,63,0,0
BRDA:729,63,1,0
BRF:124
BRH:0
end_of_record
TN:
SF:server/services/unifiedDataPipeline.js
FN:8,(anonymous_0)
FN:57,(anonymous_1)
FN:103,(anonymous_2)
FN:159,(anonymous_3)
FN:199,(anonymous_4)
FN:210,(anonymous_5)
FN:250,(anonymous_6)
FN:295,(anonymous_7)
FN:350,(anonymous_8)
FN:396,(anonymous_9)
FN:460,(anonymous_10)
FN:472,(anonymous_11)
FN:511,(anonymous_12)
FN:527,(anonymous_13)
FN:561,(anonymous_14)
FN:606,(anonymous_15)
FN:615,(anonymous_16)
FN:617,(anonymous_17)
FN:622,(anonymous_18)
FN:627,(anonymous_19)
FN:635,(anonymous_20)
FN:651,(anonymous_21)
FN:685,(anonymous_22)
FN:696,(anonymous_23)
FN:740,(anonymous_24)
FN:761,(anonymous_25)
FN:763,(anonymous_26)
FN:775,(anonymous_27)
FN:799,(anonymous_28)
FN:804,(anonymous_29)
FN:805,(anonymous_30)
FN:813,(anonymous_31)
FN:816,(anonymous_32)
FN:817,(anonymous_33)
FN:823,(anonymous_34)
FN:824,(anonymous_35)
FN:835,(anonymous_36)
FN:852,(anonymous_37)
FN:856,(anonymous_38)
FN:860,(anonymous_39)
FN:871,(anonymous_40)
FN:889,(anonymous_41)
FN:890,(anonymous_42)
FN:893,(anonymous_43)
FN:907,(anonymous_44)
FN:916,(anonymous_45)
FN:925,(anonymous_46)
FN:932,(anonymous_47)
FN:954,(anonymous_48)
FN:960,(anonymous_49)
FN:980,(anonymous_50)
FN:985,(anonymous_51)
FN:994,(anonymous_52)
FNF:53
FNH:0
FNDA:0,(anonymous_0)
FNDA:0,(anonymous_1)
FNDA:0,(anonymous_2)
FNDA:0,(anonymous_3)
FNDA:0,(anonymous_4)
FNDA:0,(anonymous_5)
FNDA:0,(anonymous_6)
FNDA:0,(anonymous_7)
FNDA:0,(anonymous_8)
FNDA:0,(anonymous_9)
FNDA:0,(anonymous_10)
FNDA:0,(anonymous_11)
FNDA:0,(anonymous_12)
FNDA:0,(anonymous_13)
FNDA:0,(anonymous_14)
FNDA:0,(anonymous_15)
FNDA:0,(anonymous_16)
FNDA:0,(anonymous_17)
FNDA:0,(anonymous_18)
FNDA:0,(anonymous_19)
FNDA:0,(anonymous_20)
FNDA:0,(anonymous_21)
FNDA:0,(anonymous_22)
FNDA:0,(anonymous_23)
FNDA:0,(anonymous_24)
FNDA:0,(anonymous_25)
FNDA:0,(anonymous_26)
FNDA:0,(anonymous_27)
FNDA:0,(anonymous_28)
FNDA:0,(anonymous_29)
FNDA:0,(anonymous_30)
FNDA:0,(anonymous_31)
FNDA:0,(anonymous_32)
FNDA:0,(anonymous_33)
FNDA:0,(anonymous_34)
FNDA:0,(anonymous_35)
FNDA:0,(anonymous_36)
FNDA:0,(anonymous_37)
FNDA:0,(anonymous_38)
FNDA:0,(anonymous_39)
FNDA:0,(anonymous_40)
FNDA:0,(anonymous_41)
FNDA:0,(anonymous_42)
FNDA:0,(anonymous_43)
FNDA:0,(anonymous_44)
FNDA:0,(anonymous_45)
FNDA:0,(anonymous_46)
FNDA:0,(anonymous_47)
FNDA:0,(anonymous_48)
FNDA:0,(anonymous_49)
FNDA:0,(anonymous_50)
FNDA:0,(anonymous_51)
FNDA:0,(anonymous_52)
DA:9,0
DA:12,0
DA:13,0
DA:14,0
DA:15,0
DA:16,0
DA:19,0
DA:20,0
DA:21,0
DA:24,0
DA:34,0
DA:44,0
DA:47,0
DA:49,0
DA:66,0
DA:68,0
DA:69,0
DA:72,0
DA:87,0
DA:90,0
DA:91,0
DA:94,0
DA:96,0
DA:97,0
DA:104,0
DA:105,0
DA:106,0
DA:109,0
DA:122,0
DA:123,0
DA:127,0
DA:128,0
DA:131,0
DA:132,0
DA:135,0
DA:136,0
DA:140,0
DA:141,0
DA:145,0
DA:148,0
DA:150,0
DA:151,0
DA:161,0
DA:168,0
DA:175,0
DA:182,0
DA:189,0
DA:200,0
DA:206,0
DA:207,0
DA:210,0
DA:211,0
DA:212,0
DA:213,0
DA:222,0
DA:223,0
DA:224,0
DA:225,0
DA:226,0
DA:227,0
DA:230,0
DA:231,0
DA:232,0
DA:244,0
DA:251,0
DA:259,0
DA:260,0
DA:263,0
DA:264,0
DA:267,0
DA:268,0
DA:269,0
DA:271,0
DA:279,0
DA:280,0
DA:281,0
DA:282,0
DA:284,0
DA:289,0
DA:296,0
DA:304,0
DA:305,0
DA:308,0
DA:309,0
DA:310,0
DA:314,0
DA:315,0
DA:316,0
DA:317,0
DA:325,0
DA:326,0
DA:327,0
DA:328,0
DA:329,0
DA:330,0
DA:334,0
DA:335,0
DA:344,0
DA:351,0
DA:360,0
DA:361,0
DA:364,0
DA:365,0
DA:368,0
DA:369,0
DA:374,0
DA:375,0
DA:381,0
DA:382,0
DA:383,0
DA:384,0
DA:386,0
DA:390,0
DA:397,0
DA:405,0
DA:406,0
DA:409,0
DA:410,0
DA:411,0
DA:418,0
DA:419,0
DA:420,0
DA:425,0
DA:428,0
DA:429,0
DA:430,0
DA:434,0
DA:435,0
DA:436,0
DA:444,0
DA:445,0
DA:446,0
DA:447,0
DA:452,0
DA:461,0
DA:473,0
DA:474,0
DA:476,0
DA:479,0
DA:480,0
DA:481,0
DA:482,0
DA:485,0
DA:488,0
DA:489,0
DA:493,0
DA:496,0
DA:512,0
DA:513,0
DA:515,0
DA:516,0
DA:517,0
DA:519,0
DA:528,0
DA:531,0
DA:532,0
DA:536,0
DA:537,0
DA:538,0
DA:545,0
DA:549,0
DA:550,0
DA:553,0
DA:554,0
DA:562,0
DA:563,0
DA:565,0
DA:566,0
DA:575,0
DA:577,0
DA:579,0
DA:580,0
DA:582,0
DA:583,0
DA:584,0
DA:585,0
DA:587,0
DA:588,0
DA:590,0
DA:591,0
DA:593,0
DA:594,0
DA:596,0
DA:597,0
DA:598,0
DA:599,0
DA:603,0
DA:604,0
DA:605,0
DA:606,0
DA:617,0
DA:618,0
DA:622,0
DA:623,0
DA:627,0
DA:628,0
DA:636,0
DA:638,0
DA:639,0
DA:640,0
DA:644,0
DA:645,0
DA:652,0
DA:653,0
DA:656,0
DA:658,0
DA:659,0
DA:660,0
DA:661,0
DA:664,0
DA:665,0
DA:674,0
DA:676,0
DA:686,0
DA:697,0
DA:700,0
DA:702,0
DA:706,0
DA:707,0
DA:709,0
DA:711,0
DA:712,0
DA:714,0
DA:715,0
DA:717,0
DA:718,0
DA:720,0
DA:721,0
DA:723,0
DA:724,0
DA:727,0
DA:728,0
DA:729,0
DA:732,0
DA:741,0
DA:742,0
DA:745,0
DA:753,0
DA:755,0
DA:762,0
DA:763,0
DA:764,0
DA:765,0
DA:766,0
DA:769,0
DA:776,0
DA:777,0
DA:779,0
DA:780,0
DA:782,0
DA:783,0
DA:786,0
DA:787,0
DA:789,0
DA:800,0
DA:804,0
DA:805,0
DA:813,0
DA:816,0
DA:817,0
DA:823,0
DA:824,0
DA:836,0
DA:838,0
DA:839,0
DA:847,0
DA:853,0
DA:857,0
DA:862,0
DA:864,0
DA:865,0
DA:866,0
DA:872,0
DA:874,0
DA:875,0
DA:877,0
DA:878,0
DA:879,0
DA:880,0
DA:881,0
DA:882,0
DA:883,0
DA:884,0
DA:885,0
DA:890,0
DA:894,0
DA:896,0
DA:897,0
DA:898,0
DA:900,0
DA:902,0
DA:903,0
DA:904,0
DA:908,0
DA:910,0
DA:911,0
DA:912,0
DA:913,0
DA:917,0
DA:925,0
DA:926,0
DA:933,0
DA:935,0
DA:936,0
DA:939,0
DA:940,0
DA:941,0
DA:942,0
DA:945,0
DA:947,0
DA:948,0
DA:949,0
DA:950,0
DA:955,0
DA:956,0
DA:961,0
DA:969,0
DA:975,0
DA:976,0
DA:977,0
DA:981,0
DA:984,0
DA:985,0
DA:988,0
DA:995,0
DA:998,0
DA:1001,0
DA:1003,0
LF:328
LH:0
BRDA:61,0,0,0
BRDA:63,1,0,0
BRDA:64,2,0,0
BRDA:65,3,0,0
BRDA:68,4,0,0
BRDA:68,4,1,0
BRDA:68,5,0,0
BRDA:68,5,1,0
BRDA:90,6,0,0
BRDA:90,6,1,0
BRDA:103,7,0,0
BRDA:105,8,0,0
BRDA:105,8,1,0
BRDA:122,9,0,0
BRDA:122,9,1,0
BRDA:135,10,0,0
BRDA:135,10,1,0
BRDA:140,11,0,0
BRDA:140,11,1,0
BRDA:211,12,0,0
BRDA:211,12,1,0
BRDA:212,13,0,0
BRDA:212,13,1,0
BRDA:231,14,0,0
BRDA:231,14,1,0
BRDA:231,15,0,0
BRDA:231,15,1,0
BRDA:263,16,0,0
BRDA:263,16,1,0
BRDA:263,16,2,0
BRDA:264,17,0,0
BRDA:264,17,1,0
BRDA:267,18,0,0
BRDA:267,18,1,0
BRDA:268,19,0,0
BRDA:268,19,1,0
BRDA:274,20,0,0
BRDA:274,20,1,0
BRDA:279,21,0,0
BRDA:279,21,1,0
BRDA:280,22,0,0
BRDA:280,22,1,0
BRDA:281,23,0,0
BRDA:281,23,1,0
BRDA:285,24,0,0
BRDA:285,24,1,0
BRDA:308,25,0,0
BRDA:308,25,1,0
BRDA:308,26,0,0
BRDA:308,26,1,0
BRDA:309,27,0,0
BRDA:309,27,1,0
BRDA:309,27,2,0
BRDA:310,28,0,0
BRDA:310,28,1,0
BRDA:314,29,0,0
BRDA:314,29,1,0
BRDA:314,30,0,0
BRDA:314,30,1,0
BRDA:315,31,0,0
BRDA:315,31,1,0
BRDA:315,31,2,0
BRDA:316,32,0,0
BRDA:316,32,1,0
BRDA:326,33,0,0
BRDA:326,33,1,0
BRDA:334,34,0,0
BRDA:334,34,1,0
BRDA:336,35,0,0
BRDA:336,35,1,0
BRDA:337,36,0,0
BRDA:337,36,1,0
BRDA:364,37,0,0
BRDA:364,37,1,0
BRDA:368,38,0,0
BRDA:368,38,1,0
BRDA:370,39,0,0
BRDA:370,39,1,0
BRDA:374,40,0,0
BRDA:374,40,1,0
BRDA:376,41,0,0
BRDA:376,41,1,0
BRDA:381,42,0,0
BRDA:381,42,1,0
BRDA:383,43,0,0
BRDA:383,43,1,0
BRDA:409,44,0,0
BRDA:409,44,1,0
BRDA:409,45,0,0
BRDA:409,45,1,0
BRDA:410,46,0,0
BRDA:410,46,1,0
BRDA:419,47,0,0
BRDA:419,47,1,0
BRDA:434,48,0,0
BRDA:434,48,1,0
BRDA:435,49,0,0
BRDA:435,49,1,0
BRDA:445,50,0,0
BRDA:445,50,1,0
BRDA:446,51,0,0
BRDA:446,51,1,0
BRDA:476,52,0,0
BRDA:476,52,1,0
BRDA:479,53,0,0
BRDA:479,53,1,0
BRDA:488,54,0,0
BRDA:488,54,1,0
BRDA:513,55,0,0
BRDA:513,55,1,0
BRDA:531,56,0,0
BRDA:531,56,1,0
BRDA:537,57,0,0
BRDA:537,57,1,0
BRDA:553,58,0,0
BRDA:553,58,1,0
BRDA:565,59,0,0
BRDA:565,59,1,0
BRDA:577,60,0,0
BRDA:577,60,1,0
BRDA:577,60,2,0
BRDA:577,60,3,0
BRDA:577,60,4,0
BRDA:577,60,5,0
BRDA:596,61,0,0
BRDA:596,61,1,0
BRDA:603,62,0,0
BRDA:603,62,1,0
BRDA:639,63,0,0
BRDA:639,63,1,0
BRDA:653,64,0,0
BRDA:653,64,1,0
BRDA:660,65,0,0
BRDA:660,65,1,0
BRDA:700,66,0,0
BRDA:700,66,1,0
BRDA:700,67,0,0
BRDA:700,67,1,0
BRDA:709,68,0,0
BRDA:709,68,1,0
BRDA:709,68,2,0
BRDA:709,68,3,0
BRDA:709,68,4,0
BRDA:727,69,0,0
BRDA:727,69,1,0
BRDA:740,70,0,0
BRDA:741,71,0,0
BRDA:741,71,1,0
BRDA:764,72,0,0
BRDA:764,72,1,0
BRDA:777,73,0,0
BRDA:777,73,1,0
BRDA:777,74,0,0
BRDA:777,74,1,0
BRDA:782,75,0,0
BRDA:782,75,1,0
BRDA:782,76,0,0
BRDA:782,76,1,0
BRDA:865,77,0,0
BRDA:865,77,1,0
BRDA:865,78,0,0
BRDA:865,78,1,0
BRDA:872,79,0,0
BRDA:872,79,1,0
BRDA:877,80,0,0
BRDA:877,80,1,0
BRDA:877,80,2,0
BRDA:877,80,3,0
BRDA:877,80,4,0
BRDA:877,80,5,0
BRDA:877,80,6,0
BRDA:877,80,7,0
BRDA:894,81,0,0
BRDA:894,81,1,0
BRDA:902,82,0,0
BRDA:902,82,1,0
BRDA:903,83,0,0
BRDA:903,83,1,0
BRDA:910,84,0,0
BRDA:910,84,1,0
BRDA:911,85,0,0
BRDA:911,85,1,0
BRDA:912,86,0,0
BRDA:912,86,1,0
BRDA:926,87,0,0
BRDA:926,87,1,0
BRDA:926,87,2,0
BRDA:926,87,3,0
BRDA:940,88,0,0
BRDA:940,88,1,0
BRDA:947,89,0,0
BRDA:947,89,1,0
BRDA:956,90,0,0
BRDA:956,90,1,0
BRF:194
BRH:0
end_of_record
